ARM GAS  C:\Users\Admin\AppData\Local\Temp\ccakYRTd.s 			page 1


   1              		.cpu cortex-m4
   2              		.arch armv7e-m
   3              		.fpu fpv4-sp-d16
   4              		.eabi_attribute 27, 1
   5              		.eabi_attribute 28, 1
   6              		.eabi_attribute 20, 1
   7              		.eabi_attribute 21, 1
   8              		.eabi_attribute 23, 3
   9              		.eabi_attribute 24, 1
  10              		.eabi_attribute 25, 1
  11              		.eabi_attribute 26, 1
  12              		.eabi_attribute 30, 1
  13              		.eabi_attribute 34, 1
  14              		.eabi_attribute 18, 4
  15              		.file	"Odometry.c"
  16              		.text
  17              	.Ltext0:
  18              		.cfi_sections	.debug_frame
  19              		.file 1 "Core/Src/Odometry.c"
  20              		.section	.text.set_right_encoder,"ax",%progbits
  21              		.align	1
  22              		.global	set_right_encoder
  23              		.syntax unified
  24              		.thumb
  25              		.thumb_func
  27              	set_right_encoder:
  28              	.LVL0:
  29              	.LFB134:
   1:Core/Src/Odometry.c **** #include "Odometry.h"
   2:Core/Src/Odometry.c **** 
   3:Core/Src/Odometry.c **** long volatile millis=0,t=0;
   4:Core/Src/Odometry.c **** 
   5:Core/Src/Odometry.c **** TIM_HandleTypeDef* htim_right_encoder;
   6:Core/Src/Odometry.c **** TIM_TypeDef* right_TIM;
   7:Core/Src/Odometry.c **** int right_resolution;
   8:Core/Src/Odometry.c **** int right_precision;
   9:Core/Src/Odometry.c **** int right_sens;
  10:Core/Src/Odometry.c **** volatile unsigned int current_right_count;
  11:Core/Src/Odometry.c **** volatile unsigned int last_right_count;
  12:Core/Src/Odometry.c **** volatile long d_right;
  13:Core/Src/Odometry.c **** volatile long total_right_count;
  14:Core/Src/Odometry.c **** volatile float total_right=0,d_right_counter=0;
  15:Core/Src/Odometry.c **** volatile double right_speed,right_encoder_speed;
  16:Core/Src/Odometry.c **** 
  17:Core/Src/Odometry.c **** TIM_HandleTypeDef* htim_left_Encoder;
  18:Core/Src/Odometry.c **** TIM_TypeDef* left_TIM;
  19:Core/Src/Odometry.c **** int left_resolution;
  20:Core/Src/Odometry.c **** int left_precision;
  21:Core/Src/Odometry.c **** int left_sens;
  22:Core/Src/Odometry.c **** volatile unsigned int current_left_count;
  23:Core/Src/Odometry.c **** volatile unsigned int last_left_count;
  24:Core/Src/Odometry.c **** volatile long d_left;
  25:Core/Src/Odometry.c **** volatile long total_left_count;
  26:Core/Src/Odometry.c **** volatile float total_left=0,d_left_counter=0,total_centre=0;
  27:Core/Src/Odometry.c **** volatile double left_speed,left_encoder_speed;
  28:Core/Src/Odometry.c **** 
  29:Core/Src/Odometry.c **** volatile float dR,dL,dC;
ARM GAS  C:\Users\Admin\AppData\Local\Temp\ccakYRTd.s 			page 2


  30:Core/Src/Odometry.c **** volatile float left_radius,right_radius,spacing_encoder,spacing_wheel;
  31:Core/Src/Odometry.c **** volatile float current_x=1775;//           ==> 285
  32:Core/Src/Odometry.c **** volatile float current_y=250;//        ==> 676
  33:Core/Src/Odometry.c **** volatile float current_phi_rad=PI/2;//PI/2;
  34:Core/Src/Odometry.c **** volatile double phi_speed,d_phi_counter;
  35:Core/Src/Odometry.c **** volatile float current_phi_deg=90;
  36:Core/Src/Odometry.c **** 
  37:Core/Src/Odometry.c **** float ref_x,ref_y,dec=100;
  38:Core/Src/Odometry.c **** 
  39:Core/Src/Odometry.c **** void set_right_encoder(TIM_HandleTypeDef* htim, TIM_TypeDef* TIM, int resolution, int precision, in
  40:Core/Src/Odometry.c **** {
  30              		.loc 1 40 1 view -0
  31              		.cfi_startproc
  32              		@ args = 4, pretend = 0, frame = 0
  33              		@ frame_needed = 0, uses_anonymous_args = 0
  34              		.loc 1 40 1 is_stmt 0 view .LVU1
  35 0000 10B5     		push	{r4, lr}
  36              	.LCFI0:
  37              		.cfi_def_cfa_offset 8
  38              		.cfi_offset 4, -8
  39              		.cfi_offset 14, -4
  41:Core/Src/Odometry.c **** 	htim_right_encoder = htim;
  40              		.loc 1 41 2 is_stmt 1 view .LVU2
  41              		.loc 1 41 21 is_stmt 0 view .LVU3
  42 0002 0A4C     		ldr	r4, .L3
  43 0004 2060     		str	r0, [r4]
  42:Core/Src/Odometry.c **** 	right_TIM = TIM;
  44              		.loc 1 42 2 is_stmt 1 view .LVU4
  45              		.loc 1 42 12 is_stmt 0 view .LVU5
  46 0006 0A4C     		ldr	r4, .L3+4
  47 0008 2160     		str	r1, [r4]
  43:Core/Src/Odometry.c **** 	right_resolution = resolution;
  48              		.loc 1 43 2 is_stmt 1 view .LVU6
  49              		.loc 1 43 19 is_stmt 0 view .LVU7
  50 000a 0A49     		ldr	r1, .L3+8
  51              	.LVL1:
  52              		.loc 1 43 19 view .LVU8
  53 000c 0A60     		str	r2, [r1]
  44:Core/Src/Odometry.c **** 	right_precision = precision;
  54              		.loc 1 44 2 is_stmt 1 view .LVU9
  55              		.loc 1 44 18 is_stmt 0 view .LVU10
  56 000e 0A4A     		ldr	r2, .L3+12
  57              	.LVL2:
  58              		.loc 1 44 18 view .LVU11
  59 0010 1360     		str	r3, [r2]
  45:Core/Src/Odometry.c **** 	right_sens=sens;
  60              		.loc 1 45 2 is_stmt 1 view .LVU12
  61              		.loc 1 45 12 is_stmt 0 view .LVU13
  62 0012 029A     		ldr	r2, [sp, #8]
  63 0014 094B     		ldr	r3, .L3+16
  64              	.LVL3:
  65              		.loc 1 45 12 view .LVU14
  66 0016 1A60     		str	r2, [r3]
  46:Core/Src/Odometry.c **** 	HAL_TIM_Encoder_Start(htim_right_encoder,TIM_CHANNEL_1);
  67              		.loc 1 46 2 is_stmt 1 view .LVU15
  68 0018 0021     		movs	r1, #0
  69              		.loc 1 46 2 is_stmt 0 view .LVU16
ARM GAS  C:\Users\Admin\AppData\Local\Temp\ccakYRTd.s 			page 3


  70 001a FFF7FEFF 		bl	HAL_TIM_Encoder_Start
  71              	.LVL4:
  47:Core/Src/Odometry.c **** 	right_TIM->CNT = 0;
  72              		.loc 1 47 2 is_stmt 1 view .LVU17
  73              		.loc 1 47 11 is_stmt 0 view .LVU18
  74 001e 2268     		ldr	r2, [r4]
  75              		.loc 1 47 17 view .LVU19
  76 0020 0023     		movs	r3, #0
  77 0022 5362     		str	r3, [r2, #36]
  48:Core/Src/Odometry.c **** 	total_right_count = 0;
  78              		.loc 1 48 2 is_stmt 1 view .LVU20
  79              		.loc 1 48 20 is_stmt 0 view .LVU21
  80 0024 064A     		ldr	r2, .L3+20
  81 0026 1360     		str	r3, [r2]
  49:Core/Src/Odometry.c **** }
  82              		.loc 1 49 1 view .LVU22
  83 0028 10BD     		pop	{r4, pc}
  84              	.LVL5:
  85              	.L4:
  86              		.loc 1 49 1 view .LVU23
  87 002a 00BF     		.align	2
  88              	.L3:
  89 002c 00000000 		.word	htim_right_encoder
  90 0030 00000000 		.word	right_TIM
  91 0034 00000000 		.word	right_resolution
  92 0038 00000000 		.word	right_precision
  93 003c 00000000 		.word	right_sens
  94 0040 00000000 		.word	total_right_count
  95              		.cfi_endproc
  96              	.LFE134:
  98              		.section	.text.set_left_encoder,"ax",%progbits
  99              		.align	1
 100              		.global	set_left_encoder
 101              		.syntax unified
 102              		.thumb
 103              		.thumb_func
 105              	set_left_encoder:
 106              	.LVL6:
 107              	.LFB135:
  50:Core/Src/Odometry.c **** 
  51:Core/Src/Odometry.c **** void set_left_encoder(TIM_HandleTypeDef* htim, TIM_TypeDef* TIM, int resolution, int precision, int
  52:Core/Src/Odometry.c **** {
 108              		.loc 1 52 1 is_stmt 1 view -0
 109              		.cfi_startproc
 110              		@ args = 4, pretend = 0, frame = 0
 111              		@ frame_needed = 0, uses_anonymous_args = 0
 112              		.loc 1 52 1 is_stmt 0 view .LVU25
 113 0000 10B5     		push	{r4, lr}
 114              	.LCFI1:
 115              		.cfi_def_cfa_offset 8
 116              		.cfi_offset 4, -8
 117              		.cfi_offset 14, -4
  53:Core/Src/Odometry.c **** 	htim_left_Encoder = htim;
 118              		.loc 1 53 2 is_stmt 1 view .LVU26
 119              		.loc 1 53 20 is_stmt 0 view .LVU27
 120 0002 0A4C     		ldr	r4, .L7
 121 0004 2060     		str	r0, [r4]
ARM GAS  C:\Users\Admin\AppData\Local\Temp\ccakYRTd.s 			page 4


  54:Core/Src/Odometry.c **** 	left_TIM = TIM;
 122              		.loc 1 54 2 is_stmt 1 view .LVU28
 123              		.loc 1 54 11 is_stmt 0 view .LVU29
 124 0006 0A4C     		ldr	r4, .L7+4
 125 0008 2160     		str	r1, [r4]
  55:Core/Src/Odometry.c **** 	left_resolution = resolution;
 126              		.loc 1 55 2 is_stmt 1 view .LVU30
 127              		.loc 1 55 18 is_stmt 0 view .LVU31
 128 000a 0A49     		ldr	r1, .L7+8
 129              	.LVL7:
 130              		.loc 1 55 18 view .LVU32
 131 000c 0A60     		str	r2, [r1]
  56:Core/Src/Odometry.c **** 	left_precision = precision;
 132              		.loc 1 56 2 is_stmt 1 view .LVU33
 133              		.loc 1 56 17 is_stmt 0 view .LVU34
 134 000e 0A4A     		ldr	r2, .L7+12
 135              	.LVL8:
 136              		.loc 1 56 17 view .LVU35
 137 0010 1360     		str	r3, [r2]
  57:Core/Src/Odometry.c **** 	left_sens=sens;
 138              		.loc 1 57 2 is_stmt 1 view .LVU36
 139              		.loc 1 57 11 is_stmt 0 view .LVU37
 140 0012 029A     		ldr	r2, [sp, #8]
 141 0014 094B     		ldr	r3, .L7+16
 142              	.LVL9:
 143              		.loc 1 57 11 view .LVU38
 144 0016 1A60     		str	r2, [r3]
  58:Core/Src/Odometry.c **** 	HAL_TIM_Encoder_Start(htim_left_Encoder,TIM_CHANNEL_1);
 145              		.loc 1 58 2 is_stmt 1 view .LVU39
 146 0018 0021     		movs	r1, #0
 147              		.loc 1 58 2 is_stmt 0 view .LVU40
 148 001a FFF7FEFF 		bl	HAL_TIM_Encoder_Start
 149              	.LVL10:
  59:Core/Src/Odometry.c **** 	left_TIM->CNT = 0;
 150              		.loc 1 59 2 is_stmt 1 view .LVU41
 151              		.loc 1 59 10 is_stmt 0 view .LVU42
 152 001e 2268     		ldr	r2, [r4]
 153              		.loc 1 59 16 view .LVU43
 154 0020 0023     		movs	r3, #0
 155 0022 5362     		str	r3, [r2, #36]
  60:Core/Src/Odometry.c **** 	total_left_count = 0;
 156              		.loc 1 60 2 is_stmt 1 view .LVU44
 157              		.loc 1 60 19 is_stmt 0 view .LVU45
 158 0024 064A     		ldr	r2, .L7+20
 159 0026 1360     		str	r3, [r2]
  61:Core/Src/Odometry.c **** }
 160              		.loc 1 61 1 view .LVU46
 161 0028 10BD     		pop	{r4, pc}
 162              	.LVL11:
 163              	.L8:
 164              		.loc 1 61 1 view .LVU47
 165 002a 00BF     		.align	2
 166              	.L7:
 167 002c 00000000 		.word	htim_left_Encoder
 168 0030 00000000 		.word	left_TIM
 169 0034 00000000 		.word	left_resolution
 170 0038 00000000 		.word	left_precision
ARM GAS  C:\Users\Admin\AppData\Local\Temp\ccakYRTd.s 			page 5


 171 003c 00000000 		.word	left_sens
 172 0040 00000000 		.word	total_left_count
 173              		.cfi_endproc
 174              	.LFE135:
 176              		.section	.text.read_right_encoder,"ax",%progbits
 177              		.align	1
 178              		.global	read_right_encoder
 179              		.syntax unified
 180              		.thumb
 181              		.thumb_func
 183              	read_right_encoder:
 184              	.LFB136:
  62:Core/Src/Odometry.c **** 
  63:Core/Src/Odometry.c **** void read_right_encoder(void)
  64:Core/Src/Odometry.c **** {
 185              		.loc 1 64 1 is_stmt 1 view -0
 186              		.cfi_startproc
 187              		@ args = 0, pretend = 0, frame = 0
 188              		@ frame_needed = 0, uses_anonymous_args = 0
 189              		@ link register save eliminated.
  65:Core/Src/Odometry.c **** 	last_right_count = current_right_count;
 190              		.loc 1 65 2 view .LVU49
 191              		.loc 1 65 19 is_stmt 0 view .LVU50
 192 0000 164B     		ldr	r3, .L12
 193 0002 1A68     		ldr	r2, [r3]
 194 0004 1649     		ldr	r1, .L12+4
 195 0006 0A60     		str	r2, [r1]
  66:Core/Src/Odometry.c **** 	current_right_count = right_sens*right_TIM->CNT;
 196              		.loc 1 66 2 is_stmt 1 view .LVU51
 197              		.loc 1 66 44 is_stmt 0 view .LVU52
 198 0008 164A     		ldr	r2, .L12+8
 199 000a 1268     		ldr	r2, [r2]
 200 000c 526A     		ldr	r2, [r2, #36]
 201              		.loc 1 66 34 view .LVU53
 202 000e 1648     		ldr	r0, .L12+12
 203 0010 0068     		ldr	r0, [r0]
 204 0012 00FB02F2 		mul	r2, r0, r2
 205              		.loc 1 66 22 view .LVU54
 206 0016 1A60     		str	r2, [r3]
  67:Core/Src/Odometry.c **** 	d_right = current_right_count - last_right_count;
 207              		.loc 1 67 2 is_stmt 1 view .LVU55
 208              		.loc 1 67 32 is_stmt 0 view .LVU56
 209 0018 1B68     		ldr	r3, [r3]
 210 001a 0A68     		ldr	r2, [r1]
 211 001c 9B1A     		subs	r3, r3, r2
 212              		.loc 1 67 10 view .LVU57
 213 001e 134A     		ldr	r2, .L12+16
 214 0020 1360     		str	r3, [r2]
  68:Core/Src/Odometry.c **** 	if (d_right>30000)
 215              		.loc 1 68 2 is_stmt 1 view .LVU58
 216              		.loc 1 68 13 is_stmt 0 view .LVU59
 217 0022 1268     		ldr	r2, [r2]
 218              		.loc 1 68 5 view .LVU60
 219 0024 47F23053 		movw	r3, #30000
 220 0028 9A42     		cmp	r2, r3
 221 002a 05DD     		ble	.L10
  69:Core/Src/Odometry.c **** 		d_right = d_right - 65535;
ARM GAS  C:\Users\Admin\AppData\Local\Temp\ccakYRTd.s 			page 6


 222              		.loc 1 69 3 is_stmt 1 view .LVU61
 223              		.loc 1 69 21 is_stmt 0 view .LVU62
 224 002c 0F4A     		ldr	r2, .L12+16
 225 002e 1368     		ldr	r3, [r2]
 226 0030 A3F57F43 		sub	r3, r3, #65280
 227 0034 FF3B     		subs	r3, r3, #255
 228              		.loc 1 69 11 view .LVU63
 229 0036 1360     		str	r3, [r2]
 230              	.L10:
  70:Core/Src/Odometry.c **** 	if (d_right<-30000)
 231              		.loc 1 70 2 is_stmt 1 view .LVU64
 232              		.loc 1 70 13 is_stmt 0 view .LVU65
 233 0038 0C4B     		ldr	r3, .L12+16
 234 003a 1A68     		ldr	r2, [r3]
 235              		.loc 1 70 5 view .LVU66
 236 003c 0C4B     		ldr	r3, .L12+20
 237 003e 9A42     		cmp	r2, r3
 238 0040 05DA     		bge	.L11
  71:Core/Src/Odometry.c **** 		d_right = d_right + 65535;
 239              		.loc 1 71 3 is_stmt 1 view .LVU67
 240              		.loc 1 71 21 is_stmt 0 view .LVU68
 241 0042 0A4A     		ldr	r2, .L12+16
 242 0044 1368     		ldr	r3, [r2]
 243 0046 03F57F43 		add	r3, r3, #65280
 244 004a FF33     		adds	r3, r3, #255
 245              		.loc 1 71 11 view .LVU69
 246 004c 1360     		str	r3, [r2]
 247              	.L11:
  72:Core/Src/Odometry.c **** 	total_right_count = total_right_count + d_right;
 248              		.loc 1 72 2 is_stmt 1 view .LVU70
 249              		.loc 1 72 40 is_stmt 0 view .LVU71
 250 004e 094A     		ldr	r2, .L12+24
 251 0050 1368     		ldr	r3, [r2]
 252 0052 0649     		ldr	r1, .L12+16
 253 0054 0968     		ldr	r1, [r1]
 254 0056 0B44     		add	r3, r3, r1
 255              		.loc 1 72 20 view .LVU72
 256 0058 1360     		str	r3, [r2]
  73:Core/Src/Odometry.c **** }
 257              		.loc 1 73 1 view .LVU73
 258 005a 7047     		bx	lr
 259              	.L13:
 260              		.align	2
 261              	.L12:
 262 005c 00000000 		.word	current_right_count
 263 0060 00000000 		.word	last_right_count
 264 0064 00000000 		.word	right_TIM
 265 0068 00000000 		.word	right_sens
 266 006c 00000000 		.word	d_right
 267 0070 D08AFFFF 		.word	-30000
 268 0074 00000000 		.word	total_right_count
 269              		.cfi_endproc
 270              	.LFE136:
 272              		.section	.text.read_left_encoder,"ax",%progbits
 273              		.align	1
 274              		.global	read_left_encoder
 275              		.syntax unified
ARM GAS  C:\Users\Admin\AppData\Local\Temp\ccakYRTd.s 			page 7


 276              		.thumb
 277              		.thumb_func
 279              	read_left_encoder:
 280              	.LFB137:
  74:Core/Src/Odometry.c **** 
  75:Core/Src/Odometry.c **** void read_left_encoder(void)
  76:Core/Src/Odometry.c **** {
 281              		.loc 1 76 1 is_stmt 1 view -0
 282              		.cfi_startproc
 283              		@ args = 0, pretend = 0, frame = 0
 284              		@ frame_needed = 0, uses_anonymous_args = 0
 285              		@ link register save eliminated.
  77:Core/Src/Odometry.c **** 	last_left_count = current_left_count;
 286              		.loc 1 77 2 view .LVU75
 287              		.loc 1 77 18 is_stmt 0 view .LVU76
 288 0000 164B     		ldr	r3, .L17
 289 0002 1A68     		ldr	r2, [r3]
 290 0004 1649     		ldr	r1, .L17+4
 291 0006 0A60     		str	r2, [r1]
  78:Core/Src/Odometry.c **** 	current_left_count = left_sens*left_TIM->CNT;
 292              		.loc 1 78 2 is_stmt 1 view .LVU77
 293              		.loc 1 78 41 is_stmt 0 view .LVU78
 294 0008 164A     		ldr	r2, .L17+8
 295 000a 1268     		ldr	r2, [r2]
 296 000c 526A     		ldr	r2, [r2, #36]
 297              		.loc 1 78 32 view .LVU79
 298 000e 1648     		ldr	r0, .L17+12
 299 0010 0068     		ldr	r0, [r0]
 300 0012 00FB02F2 		mul	r2, r0, r2
 301              		.loc 1 78 21 view .LVU80
 302 0016 1A60     		str	r2, [r3]
  79:Core/Src/Odometry.c **** 	d_left = current_left_count - last_left_count;
 303              		.loc 1 79 2 is_stmt 1 view .LVU81
 304              		.loc 1 79 30 is_stmt 0 view .LVU82
 305 0018 1B68     		ldr	r3, [r3]
 306 001a 0A68     		ldr	r2, [r1]
 307 001c 9B1A     		subs	r3, r3, r2
 308              		.loc 1 79 9 view .LVU83
 309 001e 134A     		ldr	r2, .L17+16
 310 0020 1360     		str	r3, [r2]
  80:Core/Src/Odometry.c **** 	if (d_left>30000)
 311              		.loc 1 80 2 is_stmt 1 view .LVU84
 312              		.loc 1 80 12 is_stmt 0 view .LVU85
 313 0022 1268     		ldr	r2, [r2]
 314              		.loc 1 80 5 view .LVU86
 315 0024 47F23053 		movw	r3, #30000
 316 0028 9A42     		cmp	r2, r3
 317 002a 05DD     		ble	.L15
  81:Core/Src/Odometry.c **** 		d_left = d_left - 65535;
 318              		.loc 1 81 3 is_stmt 1 view .LVU87
 319              		.loc 1 81 19 is_stmt 0 view .LVU88
 320 002c 0F4A     		ldr	r2, .L17+16
 321 002e 1368     		ldr	r3, [r2]
 322 0030 A3F57F43 		sub	r3, r3, #65280
 323 0034 FF3B     		subs	r3, r3, #255
 324              		.loc 1 81 10 view .LVU89
 325 0036 1360     		str	r3, [r2]
ARM GAS  C:\Users\Admin\AppData\Local\Temp\ccakYRTd.s 			page 8


 326              	.L15:
  82:Core/Src/Odometry.c **** 	if (d_left<-30000)
 327              		.loc 1 82 2 is_stmt 1 view .LVU90
 328              		.loc 1 82 12 is_stmt 0 view .LVU91
 329 0038 0C4B     		ldr	r3, .L17+16
 330 003a 1A68     		ldr	r2, [r3]
 331              		.loc 1 82 5 view .LVU92
 332 003c 0C4B     		ldr	r3, .L17+20
 333 003e 9A42     		cmp	r2, r3
 334 0040 05DA     		bge	.L16
  83:Core/Src/Odometry.c **** 		d_left = d_left + 65535;
 335              		.loc 1 83 3 is_stmt 1 view .LVU93
 336              		.loc 1 83 19 is_stmt 0 view .LVU94
 337 0042 0A4A     		ldr	r2, .L17+16
 338 0044 1368     		ldr	r3, [r2]
 339 0046 03F57F43 		add	r3, r3, #65280
 340 004a FF33     		adds	r3, r3, #255
 341              		.loc 1 83 10 view .LVU95
 342 004c 1360     		str	r3, [r2]
 343              	.L16:
  84:Core/Src/Odometry.c **** 	total_left_count = total_left_count + d_left;
 344              		.loc 1 84 2 is_stmt 1 view .LVU96
 345              		.loc 1 84 38 is_stmt 0 view .LVU97
 346 004e 094A     		ldr	r2, .L17+24
 347 0050 1368     		ldr	r3, [r2]
 348 0052 0649     		ldr	r1, .L17+16
 349 0054 0968     		ldr	r1, [r1]
 350 0056 0B44     		add	r3, r3, r1
 351              		.loc 1 84 19 view .LVU98
 352 0058 1360     		str	r3, [r2]
  85:Core/Src/Odometry.c **** }
 353              		.loc 1 85 1 view .LVU99
 354 005a 7047     		bx	lr
 355              	.L18:
 356              		.align	2
 357              	.L17:
 358 005c 00000000 		.word	current_left_count
 359 0060 00000000 		.word	last_left_count
 360 0064 00000000 		.word	left_TIM
 361 0068 00000000 		.word	left_sens
 362 006c 00000000 		.word	d_left
 363 0070 D08AFFFF 		.word	-30000
 364 0074 00000000 		.word	total_left_count
 365              		.cfi_endproc
 366              	.LFE137:
 368              		.section	.text.set_dimentions,"ax",%progbits
 369              		.align	1
 370              		.global	set_dimentions
 371              		.syntax unified
 372              		.thumb
 373              		.thumb_func
 375              	set_dimentions:
 376              	.LVL12:
 377              	.LFB138:
  86:Core/Src/Odometry.c **** 
  87:Core/Src/Odometry.c **** void set_dimentions(float right_wheel_radius, float left_wheel_radius, float encoder_spacing, float
  88:Core/Src/Odometry.c **** {
ARM GAS  C:\Users\Admin\AppData\Local\Temp\ccakYRTd.s 			page 9


 378              		.loc 1 88 1 is_stmt 1 view -0
 379              		.cfi_startproc
 380              		@ args = 0, pretend = 0, frame = 0
 381              		@ frame_needed = 0, uses_anonymous_args = 0
 382              		@ link register save eliminated.
  89:Core/Src/Odometry.c **** 	right_radius = right_wheel_radius;
 383              		.loc 1 89 2 view .LVU101
 384              		.loc 1 89 15 is_stmt 0 view .LVU102
 385 0000 064B     		ldr	r3, .L20
 386 0002 83ED000A 		vstr.32	s0, [r3]
  90:Core/Src/Odometry.c **** 	left_radius = left_wheel_radius;
 387              		.loc 1 90 2 is_stmt 1 view .LVU103
 388              		.loc 1 90 14 is_stmt 0 view .LVU104
 389 0006 064B     		ldr	r3, .L20+4
 390 0008 C3ED000A 		vstr.32	s1, [r3]
  91:Core/Src/Odometry.c **** 	spacing_encoder = encoder_spacing;
 391              		.loc 1 91 2 is_stmt 1 view .LVU105
 392              		.loc 1 91 18 is_stmt 0 view .LVU106
 393 000c 054B     		ldr	r3, .L20+8
 394 000e 83ED001A 		vstr.32	s2, [r3]
  92:Core/Src/Odometry.c **** 	spacing_wheel = wheels_spacing;
 395              		.loc 1 92 2 is_stmt 1 view .LVU107
 396              		.loc 1 92 16 is_stmt 0 view .LVU108
 397 0012 054B     		ldr	r3, .L20+12
 398 0014 C3ED001A 		vstr.32	s3, [r3]
  93:Core/Src/Odometry.c **** }
 399              		.loc 1 93 1 view .LVU109
 400 0018 7047     		bx	lr
 401              	.L21:
 402 001a 00BF     		.align	2
 403              	.L20:
 404 001c 00000000 		.word	right_radius
 405 0020 00000000 		.word	left_radius
 406 0024 00000000 		.word	spacing_encoder
 407 0028 00000000 		.word	spacing_wheel
 408              		.cfi_endproc
 409              	.LFE138:
 411              		.global	__aeabi_f2d
 412              		.global	__aeabi_ddiv
 413              		.global	__aeabi_dmul
 414              		.global	__aeabi_dadd
 415              		.global	__aeabi_dsub
 416              		.section	.text.speed_calcul,"ax",%progbits
 417              		.align	1
 418              		.global	speed_calcul
 419              		.syntax unified
 420              		.thumb
 421              		.thumb_func
 423              	speed_calcul:
 424              	.LFB140:
  94:Core/Src/Odometry.c **** 
  95:Core/Src/Odometry.c **** void update_position(void)
  96:Core/Src/Odometry.c **** {
  97:Core/Src/Odometry.c **** 	read_right_encoder();
  98:Core/Src/Odometry.c **** 	read_left_encoder();
  99:Core/Src/Odometry.c **** 	dR = ticks_to_distance(d_right,right_radius,right_resolution,right_precision);
 100:Core/Src/Odometry.c **** 	//dR=-dR;
ARM GAS  C:\Users\Admin\AppData\Local\Temp\ccakYRTd.s 			page 10


 101:Core/Src/Odometry.c **** 	//dL=-dL;
 102:Core/Src/Odometry.c **** 	total_right += dR;
 103:Core/Src/Odometry.c **** 	d_right_counter += dR;
 104:Core/Src/Odometry.c **** 	dL = ticks_to_distance(d_left,left_radius,left_resolution,left_precision);
 105:Core/Src/Odometry.c **** 	total_left += dL;
 106:Core/Src/Odometry.c **** 	d_left_counter += dL;
 107:Core/Src/Odometry.c **** 	dC = (dR+dL)/2;
 108:Core/Src/Odometry.c **** 	total_centre+=dC;
 109:Core/Src/Odometry.c **** 
 110:Core/Src/Odometry.c **** 	current_x += dC*cos(current_phi_rad);
 111:Core/Src/Odometry.c **** 	current_y += dC*sin(current_phi_rad);
 112:Core/Src/Odometry.c **** 	current_phi_rad += ((dR-dL)/spacing_encoder);
 113:Core/Src/Odometry.c **** 	d_phi_counter += ((dR-dL)/spacing_encoder);
 114:Core/Src/Odometry.c **** 	while (current_phi_rad>PI)
 115:Core/Src/Odometry.c **** 	{
 116:Core/Src/Odometry.c **** 		current_phi_rad -= 2*PI;
 117:Core/Src/Odometry.c **** 	}
 118:Core/Src/Odometry.c **** 	while (current_phi_rad<-PI)
 119:Core/Src/Odometry.c **** 	{
 120:Core/Src/Odometry.c **** 		current_phi_rad += 2*PI;
 121:Core/Src/Odometry.c **** 	}
 122:Core/Src/Odometry.c **** 	current_phi_deg = rad_to_deg(current_phi_rad);
 123:Core/Src/Odometry.c **** 	//Robot navi 2020
 124:Core/Src/Odometry.c **** 	millis++;
 125:Core/Src/Odometry.c **** 	t++;
 126:Core/Src/Odometry.c **** 	//ref_x = current_x + cos(current_phi_rad) *dec;
 127:Core/Src/Odometry.c **** 	//ref_y = current_y + sin(current_phi_rad) *dec;
 128:Core/Src/Odometry.c **** }
 129:Core/Src/Odometry.c **** 
 130:Core/Src/Odometry.c **** void speed_calcul(void)
 131:Core/Src/Odometry.c **** {
 425              		.loc 1 131 1 is_stmt 1 view -0
 426              		.cfi_startproc
 427              		@ args = 0, pretend = 0, frame = 0
 428              		@ frame_needed = 0, uses_anonymous_args = 0
 429 0000 2DE9F84F 		push	{r3, r4, r5, r6, r7, r8, r9, r10, fp, lr}
 430              	.LCFI2:
 431              		.cfi_def_cfa_offset 40
 432              		.cfi_offset 3, -40
 433              		.cfi_offset 4, -36
 434              		.cfi_offset 5, -32
 435              		.cfi_offset 6, -28
 436              		.cfi_offset 7, -24
 437              		.cfi_offset 8, -20
 438              		.cfi_offset 9, -16
 439              		.cfi_offset 10, -12
 440              		.cfi_offset 11, -8
 441              		.cfi_offset 14, -4
 442 0004 2DED028B 		vpush.64	{d8}
 443              	.LCFI3:
 444              		.cfi_def_cfa_offset 48
 445              		.cfi_offset 80, -48
 446              		.cfi_offset 81, -44
 132:Core/Src/Odometry.c **** 	right_encoder_speed = d_right_counter/T*1000;
 447              		.loc 1 132 2 view .LVU111
 448              		.loc 1 132 39 is_stmt 0 view .LVU112
 449 0008 3E4C     		ldr	r4, .L24
ARM GAS  C:\Users\Admin\AppData\Local\Temp\ccakYRTd.s 			page 11


 450 000a 94ED007A 		vldr.32	s14, [r4]
 451 000e F2EE048A 		vmov.f32	s17, #1.0e+1
 452 0012 C7EE287A 		vdiv.f32	s15, s14, s17
 453              		.loc 1 132 41 view .LVU113
 454 0016 9FED3C8A 		vldr.32	s16, .L24+4
 455 001a 67EE887A 		vmul.f32	s15, s15, s16
 456 001e 17EE900A 		vmov	r0, s15
 457 0022 FFF7FEFF 		bl	__aeabi_f2d
 458              	.LVL13:
 459              		.loc 1 132 22 view .LVU114
 460 0026 394D     		ldr	r5, .L24+8
 461 0028 C5E90001 		strd	r0, [r5]
 133:Core/Src/Odometry.c **** 	d_right_counter = 0;
 462              		.loc 1 133 2 is_stmt 1 view .LVU115
 463              		.loc 1 133 18 is_stmt 0 view .LVU116
 464 002c 0027     		movs	r7, #0
 465 002e 2760     		str	r7, [r4]	@ float
 134:Core/Src/Odometry.c **** 	left_encoder_speed = d_left_counter/T*1000;
 466              		.loc 1 134 2 is_stmt 1 view .LVU117
 467              		.loc 1 134 37 is_stmt 0 view .LVU118
 468 0030 374E     		ldr	r6, .L24+12
 469 0032 96ED007A 		vldr.32	s14, [r6]
 470 0036 C7EE287A 		vdiv.f32	s15, s14, s17
 471              		.loc 1 134 39 view .LVU119
 472 003a 67EE887A 		vmul.f32	s15, s15, s16
 473 003e 17EE900A 		vmov	r0, s15
 474 0042 FFF7FEFF 		bl	__aeabi_f2d
 475              	.LVL14:
 476              		.loc 1 134 21 view .LVU120
 477 0046 334C     		ldr	r4, .L24+16
 478 0048 C4E90001 		strd	r0, [r4]
 135:Core/Src/Odometry.c **** 	d_left_counter = 0;
 479              		.loc 1 135 2 is_stmt 1 view .LVU121
 480              		.loc 1 135 17 is_stmt 0 view .LVU122
 481 004c 3760     		str	r7, [r6]	@ float
 136:Core/Src/Odometry.c **** 	phi_speed = d_phi_counter/T*1000;
 482              		.loc 1 136 2 is_stmt 1 view .LVU123
 483              		.loc 1 136 27 is_stmt 0 view .LVU124
 484 004e 324F     		ldr	r7, .L24+20
 485 0050 0022     		movs	r2, #0
 486 0052 324B     		ldr	r3, .L24+24
 487 0054 D7E90001 		ldrd	r0, [r7]
 488 0058 FFF7FEFF 		bl	__aeabi_ddiv
 489              	.LVL15:
 490              		.loc 1 136 29 view .LVU125
 491 005c 0022     		movs	r2, #0
 492 005e 304B     		ldr	r3, .L24+28
 493 0060 FFF7FEFF 		bl	__aeabi_dmul
 494              	.LVL16:
 495              		.loc 1 136 12 view .LVU126
 496 0064 2F4E     		ldr	r6, .L24+32
 497 0066 C6E90001 		strd	r0, [r6]
 137:Core/Src/Odometry.c **** 	d_phi_counter = 0;
 498              		.loc 1 137 2 is_stmt 1 view .LVU127
 499              		.loc 1 137 16 is_stmt 0 view .LVU128
 500 006a 0022     		movs	r2, #0
 501 006c 0023     		movs	r3, #0
ARM GAS  C:\Users\Admin\AppData\Local\Temp\ccakYRTd.s 			page 12


 502 006e C7E90023 		strd	r2, [r7]
 138:Core/Src/Odometry.c **** 	right_speed = (right_encoder_speed + left_encoder_speed)/2 + phi_speed * spacing_wheel/2;
 503              		.loc 1 138 2 is_stmt 1 view .LVU129
 504              		.loc 1 138 37 is_stmt 0 view .LVU130
 505 0072 D5E90001 		ldrd	r0, [r5]
 506 0076 D4E90023 		ldrd	r2, [r4]
 507 007a FFF7FEFF 		bl	__aeabi_dadd
 508              	.LVL17:
 509              		.loc 1 138 58 view .LVU131
 510 007e 0022     		movs	r2, #0
 511 0080 294B     		ldr	r3, .L24+36
 512 0082 FFF7FEFF 		bl	__aeabi_dmul
 513              	.LVL18:
 514 0086 8046     		mov	r8, r0
 515 0088 8946     		mov	r9, r1
 516              		.loc 1 138 73 view .LVU132
 517 008a 284F     		ldr	r7, .L24+40
 518 008c 3868     		ldr	r0, [r7]	@ float
 519 008e D6E900AB 		ldrd	r10, [r6]
 520 0092 FFF7FEFF 		bl	__aeabi_f2d
 521              	.LVL19:
 522 0096 5246     		mov	r2, r10
 523 0098 5B46     		mov	r3, fp
 524 009a FFF7FEFF 		bl	__aeabi_dmul
 525              	.LVL20:
 526              		.loc 1 138 88 view .LVU133
 527 009e 0022     		movs	r2, #0
 528 00a0 214B     		ldr	r3, .L24+36
 529 00a2 FFF7FEFF 		bl	__aeabi_dmul
 530              	.LVL21:
 531 00a6 0246     		mov	r2, r0
 532 00a8 0B46     		mov	r3, r1
 533              		.loc 1 138 61 view .LVU134
 534 00aa 4046     		mov	r0, r8
 535 00ac 4946     		mov	r1, r9
 536 00ae FFF7FEFF 		bl	__aeabi_dadd
 537              	.LVL22:
 538              		.loc 1 138 14 view .LVU135
 539 00b2 1F4B     		ldr	r3, .L24+44
 540 00b4 C3E90001 		strd	r0, [r3]
 139:Core/Src/Odometry.c **** 	left_speed = (right_encoder_speed + left_encoder_speed)/2 - phi_speed * spacing_wheel/2;
 541              		.loc 1 139 2 is_stmt 1 view .LVU136
 542              		.loc 1 139 36 is_stmt 0 view .LVU137
 543 00b8 D5E90001 		ldrd	r0, [r5]
 544 00bc D4E90023 		ldrd	r2, [r4]
 545 00c0 FFF7FEFF 		bl	__aeabi_dadd
 546              	.LVL23:
 547              		.loc 1 139 57 view .LVU138
 548 00c4 0022     		movs	r2, #0
 549 00c6 184B     		ldr	r3, .L24+36
 550 00c8 FFF7FEFF 		bl	__aeabi_dmul
 551              	.LVL24:
 552 00cc 0446     		mov	r4, r0
 553 00ce 0D46     		mov	r5, r1
 554              		.loc 1 139 72 view .LVU139
 555 00d0 3868     		ldr	r0, [r7]	@ float
 556 00d2 D6E90067 		ldrd	r6, [r6]
ARM GAS  C:\Users\Admin\AppData\Local\Temp\ccakYRTd.s 			page 13


 557 00d6 FFF7FEFF 		bl	__aeabi_f2d
 558              	.LVL25:
 559 00da 3246     		mov	r2, r6
 560 00dc 3B46     		mov	r3, r7
 561 00de FFF7FEFF 		bl	__aeabi_dmul
 562              	.LVL26:
 563              		.loc 1 139 87 view .LVU140
 564 00e2 0022     		movs	r2, #0
 565 00e4 104B     		ldr	r3, .L24+36
 566 00e6 FFF7FEFF 		bl	__aeabi_dmul
 567              	.LVL27:
 568 00ea 0246     		mov	r2, r0
 569 00ec 0B46     		mov	r3, r1
 570              		.loc 1 139 60 view .LVU141
 571 00ee 2046     		mov	r0, r4
 572 00f0 2946     		mov	r1, r5
 573 00f2 FFF7FEFF 		bl	__aeabi_dsub
 574              	.LVL28:
 575              		.loc 1 139 13 view .LVU142
 576 00f6 0F4B     		ldr	r3, .L24+48
 577 00f8 C3E90001 		strd	r0, [r3]
 140:Core/Src/Odometry.c **** }
 578              		.loc 1 140 1 view .LVU143
 579 00fc BDEC028B 		vldm	sp!, {d8}
 580              	.LCFI4:
 581              		.cfi_restore 80
 582              		.cfi_restore 81
 583              		.cfi_def_cfa_offset 40
 584 0100 BDE8F88F 		pop	{r3, r4, r5, r6, r7, r8, r9, r10, fp, pc}
 585              	.L25:
 586              		.align	2
 587              	.L24:
 588 0104 00000000 		.word	d_right_counter
 589 0108 00007A44 		.word	1148846080
 590 010c 00000000 		.word	right_encoder_speed
 591 0110 00000000 		.word	d_left_counter
 592 0114 00000000 		.word	left_encoder_speed
 593 0118 00000000 		.word	d_phi_counter
 594 011c 00002440 		.word	1076101120
 595 0120 00408F40 		.word	1083129856
 596 0124 00000000 		.word	phi_speed
 597 0128 0000E03F 		.word	1071644672
 598 012c 00000000 		.word	spacing_wheel
 599 0130 00000000 		.word	right_speed
 600 0134 00000000 		.word	left_speed
 601              		.cfi_endproc
 602              	.LFE140:
 604              		.section	.text.reset_position,"ax",%progbits
 605              		.align	1
 606              		.global	reset_position
 607              		.syntax unified
 608              		.thumb
 609              		.thumb_func
 611              	reset_position:
 612              	.LFB141:
 141:Core/Src/Odometry.c **** 
 142:Core/Src/Odometry.c **** void reset_position(void)
ARM GAS  C:\Users\Admin\AppData\Local\Temp\ccakYRTd.s 			page 14


 143:Core/Src/Odometry.c **** {
 613              		.loc 1 143 1 is_stmt 1 view -0
 614              		.cfi_startproc
 615              		@ args = 0, pretend = 0, frame = 0
 616              		@ frame_needed = 0, uses_anonymous_args = 0
 617              		@ link register save eliminated.
 144:Core/Src/Odometry.c **** 	current_x = 0;
 618              		.loc 1 144 2 view .LVU145
 619              		.loc 1 144 12 is_stmt 0 view .LVU146
 620 0000 0023     		movs	r3, #0
 621 0002 044A     		ldr	r2, .L27
 622 0004 1360     		str	r3, [r2]	@ float
 145:Core/Src/Odometry.c **** 	current_y = 0;
 623              		.loc 1 145 2 is_stmt 1 view .LVU147
 624              		.loc 1 145 12 is_stmt 0 view .LVU148
 625 0006 044A     		ldr	r2, .L27+4
 626 0008 1360     		str	r3, [r2]	@ float
 146:Core/Src/Odometry.c **** 	current_phi_deg = 0;
 627              		.loc 1 146 2 is_stmt 1 view .LVU149
 628              		.loc 1 146 18 is_stmt 0 view .LVU150
 629 000a 044A     		ldr	r2, .L27+8
 630 000c 1360     		str	r3, [r2]	@ float
 147:Core/Src/Odometry.c **** 	current_phi_rad = 0;
 631              		.loc 1 147 2 is_stmt 1 view .LVU151
 632              		.loc 1 147 18 is_stmt 0 view .LVU152
 633 000e 044A     		ldr	r2, .L27+12
 634 0010 1360     		str	r3, [r2]	@ float
 148:Core/Src/Odometry.c **** }
 635              		.loc 1 148 1 view .LVU153
 636 0012 7047     		bx	lr
 637              	.L28:
 638              		.align	2
 639              	.L27:
 640 0014 00000000 		.word	current_x
 641 0018 00000000 		.word	current_y
 642 001c 00000000 		.word	current_phi_deg
 643 0020 00000000 		.word	current_phi_rad
 644              		.cfi_endproc
 645              	.LFE141:
 647              		.section	.text.ticks_to_distance,"ax",%progbits
 648              		.align	1
 649              		.global	ticks_to_distance
 650              		.syntax unified
 651              		.thumb
 652              		.thumb_func
 654              	ticks_to_distance:
 655              	.LVL29:
 656              	.LFB142:
 149:Core/Src/Odometry.c **** 
 150:Core/Src/Odometry.c **** float ticks_to_distance(int x, float r, int resolution, int precision)
 151:Core/Src/Odometry.c **** {
 657              		.loc 1 151 1 is_stmt 1 view -0
 658              		.cfi_startproc
 659              		@ args = 0, pretend = 0, frame = 0
 660              		@ frame_needed = 0, uses_anonymous_args = 0
 661              		@ link register save eliminated.
 152:Core/Src/Odometry.c **** 	return (x*2*PI*r/(resolution*precision));
ARM GAS  C:\Users\Admin\AppData\Local\Temp\ccakYRTd.s 			page 15


 662              		.loc 1 152 2 view .LVU155
 663              		.loc 1 152 11 is_stmt 0 view .LVU156
 664 0000 4300     		lsls	r3, r0, #1
 665 0002 07EE903A 		vmov	s15, r3	@ int
 666              		.loc 1 152 13 view .LVU157
 667 0006 F8EEE77A 		vcvt.f32.s32	s15, s15
 668 000a 9FED077A 		vldr.32	s14, .L30
 669 000e 67EE877A 		vmul.f32	s15, s15, s14
 670              		.loc 1 152 16 view .LVU158
 671 0012 67EE807A 		vmul.f32	s15, s15, s0
 672              		.loc 1 152 30 view .LVU159
 673 0016 02FB01F1 		mul	r1, r2, r1
 674              	.LVL30:
 675              		.loc 1 152 18 view .LVU160
 676 001a 07EE101A 		vmov	s14, r1	@ int
 677 001e B8EEC70A 		vcvt.f32.s32	s0, s14
 678              	.LVL31:
 153:Core/Src/Odometry.c **** }
 679              		.loc 1 153 1 view .LVU161
 680 0022 87EE800A 		vdiv.f32	s0, s15, s0
 681 0026 7047     		bx	lr
 682              	.L31:
 683              		.align	2
 684              	.L30:
 685 0028 DB0F4940 		.word	1078530011
 686              		.cfi_endproc
 687              	.LFE142:
 689              		.global	__aeabi_d2f
 690              		.section	.text.rad_to_deg,"ax",%progbits
 691              		.align	1
 692              		.global	rad_to_deg
 693              		.syntax unified
 694              		.thumb
 695              		.thumb_func
 697              	rad_to_deg:
 698              	.LVL32:
 699              	.LFB143:
 154:Core/Src/Odometry.c **** 
 155:Core/Src/Odometry.c **** float rad_to_deg(double x)
 156:Core/Src/Odometry.c **** {
 700              		.loc 1 156 1 is_stmt 1 view -0
 701              		.cfi_startproc
 702              		@ args = 0, pretend = 0, frame = 0
 703              		@ frame_needed = 0, uses_anonymous_args = 0
 704              		.loc 1 156 1 is_stmt 0 view .LVU163
 705 0000 08B5     		push	{r3, lr}
 706              	.LCFI5:
 707              		.cfi_def_cfa_offset 8
 708              		.cfi_offset 3, -8
 709              		.cfi_offset 14, -4
 710 0002 51EC100B 		vmov	r0, r1, d0
 157:Core/Src/Odometry.c **** 	return (x*360/(2*PI));
 711              		.loc 1 157 2 is_stmt 1 view .LVU164
 712              		.loc 1 157 11 is_stmt 0 view .LVU165
 713 0006 0022     		movs	r2, #0
 714 0008 094B     		ldr	r3, .L34+8
 715 000a FFF7FEFF 		bl	__aeabi_dmul
ARM GAS  C:\Users\Admin\AppData\Local\Temp\ccakYRTd.s 			page 16


 716              	.LVL33:
 717              		.loc 1 157 15 view .LVU166
 718 000e 06A3     		adr	r3, .L34
 719 0010 D3E90023 		ldrd	r2, [r3]
 720 0014 FFF7FEFF 		bl	__aeabi_ddiv
 721              	.LVL34:
 722 0018 FFF7FEFF 		bl	__aeabi_d2f
 723              	.LVL35:
 158:Core/Src/Odometry.c **** }
 724              		.loc 1 158 1 view .LVU167
 725 001c 00EE100A 		vmov	s0, r0
 726 0020 08BD     		pop	{r3, pc}
 727              	.L35:
 728 0022 00BFAFF3 		.align	3
 728      0080
 729              	.L34:
 730 0028 00000060 		.word	1610612736
 731 002c FB211940 		.word	1075388923
 732 0030 00807640 		.word	1081507840
 733              		.cfi_endproc
 734              	.LFE143:
 736              		.section	.text.update_position,"ax",%progbits
 737              		.align	1
 738              		.global	update_position
 739              		.syntax unified
 740              		.thumb
 741              		.thumb_func
 743              	update_position:
 744              	.LFB139:
  96:Core/Src/Odometry.c **** 	read_right_encoder();
 745              		.loc 1 96 1 is_stmt 1 view -0
 746              		.cfi_startproc
 747              		@ args = 0, pretend = 0, frame = 0
 748              		@ frame_needed = 0, uses_anonymous_args = 0
 749 0000 2DE9F047 		push	{r4, r5, r6, r7, r8, r9, r10, lr}
 750              	.LCFI6:
 751              		.cfi_def_cfa_offset 32
 752              		.cfi_offset 4, -32
 753              		.cfi_offset 5, -28
 754              		.cfi_offset 6, -24
 755              		.cfi_offset 7, -20
 756              		.cfi_offset 8, -16
 757              		.cfi_offset 9, -12
 758              		.cfi_offset 10, -8
 759              		.cfi_offset 14, -4
  97:Core/Src/Odometry.c **** 	read_left_encoder();
 760              		.loc 1 97 2 view .LVU169
 761 0004 FFF7FEFF 		bl	read_right_encoder
 762              	.LVL36:
  98:Core/Src/Odometry.c **** 	dR = ticks_to_distance(d_right,right_radius,right_resolution,right_precision);
 763              		.loc 1 98 2 view .LVU170
 764 0008 FFF7FEFF 		bl	read_left_encoder
 765              	.LVL37:
  99:Core/Src/Odometry.c **** 	//dR=-dR;
 766              		.loc 1 99 2 view .LVU171
  99:Core/Src/Odometry.c **** 	//dR=-dR;
 767              		.loc 1 99 7 is_stmt 0 view .LVU172
ARM GAS  C:\Users\Admin\AppData\Local\Temp\ccakYRTd.s 			page 17


 768 000c 7C4B     		ldr	r3, .L42
 769 000e 1868     		ldr	r0, [r3]
 770 0010 7C4B     		ldr	r3, .L42+4
 771 0012 93ED000A 		vldr.32	s0, [r3]
 772 0016 7C4B     		ldr	r3, .L42+8
 773 0018 1A68     		ldr	r2, [r3]
 774 001a 7C4B     		ldr	r3, .L42+12
 775 001c 1968     		ldr	r1, [r3]
 776 001e FFF7FEFF 		bl	ticks_to_distance
 777              	.LVL38:
  99:Core/Src/Odometry.c **** 	//dR=-dR;
 778              		.loc 1 99 5 view .LVU173
 779 0022 7B4D     		ldr	r5, .L42+16
 780 0024 85ED000A 		vstr.32	s0, [r5]
 102:Core/Src/Odometry.c **** 	d_right_counter += dR;
 781              		.loc 1 102 2 is_stmt 1 view .LVU174
 782 0028 95ED007A 		vldr.32	s14, [r5]
 102:Core/Src/Odometry.c **** 	d_right_counter += dR;
 783              		.loc 1 102 14 is_stmt 0 view .LVU175
 784 002c 794B     		ldr	r3, .L42+20
 785 002e D3ED007A 		vldr.32	s15, [r3]
 786 0032 77EE877A 		vadd.f32	s15, s15, s14
 787 0036 C3ED007A 		vstr.32	s15, [r3]
 103:Core/Src/Odometry.c **** 	dL = ticks_to_distance(d_left,left_radius,left_resolution,left_precision);
 788              		.loc 1 103 2 is_stmt 1 view .LVU176
 789 003a 95ED007A 		vldr.32	s14, [r5]
 103:Core/Src/Odometry.c **** 	dL = ticks_to_distance(d_left,left_radius,left_resolution,left_precision);
 790              		.loc 1 103 18 is_stmt 0 view .LVU177
 791 003e 764B     		ldr	r3, .L42+24
 792 0040 D3ED007A 		vldr.32	s15, [r3]
 793 0044 77EE877A 		vadd.f32	s15, s15, s14
 794 0048 C3ED007A 		vstr.32	s15, [r3]
 104:Core/Src/Odometry.c **** 	total_left += dL;
 795              		.loc 1 104 2 is_stmt 1 view .LVU178
 104:Core/Src/Odometry.c **** 	total_left += dL;
 796              		.loc 1 104 7 is_stmt 0 view .LVU179
 797 004c 734B     		ldr	r3, .L42+28
 798 004e 1868     		ldr	r0, [r3]
 799 0050 734B     		ldr	r3, .L42+32
 800 0052 93ED000A 		vldr.32	s0, [r3]
 801 0056 734B     		ldr	r3, .L42+36
 802 0058 1A68     		ldr	r2, [r3]
 803 005a 734B     		ldr	r3, .L42+40
 804 005c 1968     		ldr	r1, [r3]
 805 005e FFF7FEFF 		bl	ticks_to_distance
 806              	.LVL39:
 104:Core/Src/Odometry.c **** 	total_left += dL;
 807              		.loc 1 104 5 view .LVU180
 808 0062 724C     		ldr	r4, .L42+44
 809 0064 84ED000A 		vstr.32	s0, [r4]
 105:Core/Src/Odometry.c **** 	d_left_counter += dL;
 810              		.loc 1 105 2 is_stmt 1 view .LVU181
 811 0068 94ED007A 		vldr.32	s14, [r4]
 105:Core/Src/Odometry.c **** 	d_left_counter += dL;
 812              		.loc 1 105 13 is_stmt 0 view .LVU182
 813 006c 704B     		ldr	r3, .L42+48
 814 006e D3ED007A 		vldr.32	s15, [r3]
ARM GAS  C:\Users\Admin\AppData\Local\Temp\ccakYRTd.s 			page 18


 815 0072 77EE877A 		vadd.f32	s15, s15, s14
 816 0076 C3ED007A 		vstr.32	s15, [r3]
 106:Core/Src/Odometry.c **** 	dC = (dR+dL)/2;
 817              		.loc 1 106 2 is_stmt 1 view .LVU183
 818 007a 94ED007A 		vldr.32	s14, [r4]
 106:Core/Src/Odometry.c **** 	dC = (dR+dL)/2;
 819              		.loc 1 106 17 is_stmt 0 view .LVU184
 820 007e 6D4B     		ldr	r3, .L42+52
 821 0080 D3ED007A 		vldr.32	s15, [r3]
 822 0084 77EE877A 		vadd.f32	s15, s15, s14
 823 0088 C3ED007A 		vstr.32	s15, [r3]
 107:Core/Src/Odometry.c **** 	total_centre+=dC;
 824              		.loc 1 107 2 is_stmt 1 view .LVU185
 107:Core/Src/Odometry.c **** 	total_centre+=dC;
 825              		.loc 1 107 10 is_stmt 0 view .LVU186
 826 008c D5ED007A 		vldr.32	s15, [r5]
 827 0090 94ED007A 		vldr.32	s14, [r4]
 828 0094 77EE877A 		vadd.f32	s15, s15, s14
 107:Core/Src/Odometry.c **** 	total_centre+=dC;
 829              		.loc 1 107 14 view .LVU187
 830 0098 B6EE007A 		vmov.f32	s14, #5.0e-1
 831 009c 67EE877A 		vmul.f32	s15, s15, s14
 107:Core/Src/Odometry.c **** 	total_centre+=dC;
 832              		.loc 1 107 5 view .LVU188
 833 00a0 654F     		ldr	r7, .L42+56
 834 00a2 C7ED007A 		vstr.32	s15, [r7]
 108:Core/Src/Odometry.c **** 
 835              		.loc 1 108 2 is_stmt 1 view .LVU189
 836 00a6 97ED007A 		vldr.32	s14, [r7]
 108:Core/Src/Odometry.c **** 
 837              		.loc 1 108 14 is_stmt 0 view .LVU190
 838 00aa 644B     		ldr	r3, .L42+60
 839 00ac D3ED007A 		vldr.32	s15, [r3]
 840 00b0 77EE877A 		vadd.f32	s15, s15, s14
 841 00b4 C3ED007A 		vstr.32	s15, [r3]
 110:Core/Src/Odometry.c **** 	current_y += dC*sin(current_phi_rad);
 842              		.loc 1 110 2 is_stmt 1 view .LVU191
 110:Core/Src/Odometry.c **** 	current_y += dC*sin(current_phi_rad);
 843              		.loc 1 110 17 is_stmt 0 view .LVU192
 844 00b8 D7F800A0 		ldr	r10, [r7]	@ float
 110:Core/Src/Odometry.c **** 	current_y += dC*sin(current_phi_rad);
 845              		.loc 1 110 18 view .LVU193
 846 00bc 604E     		ldr	r6, .L42+64
 847 00be 3068     		ldr	r0, [r6]	@ float
 848 00c0 FFF7FEFF 		bl	__aeabi_f2d
 849              	.LVL40:
 850 00c4 41EC100B 		vmov	d0, r0, r1
 851 00c8 FFF7FEFF 		bl	cos
 852              	.LVL41:
 853 00cc 59EC108B 		vmov	r8, r9, d0
 110:Core/Src/Odometry.c **** 	current_y += dC*sin(current_phi_rad);
 854              		.loc 1 110 17 view .LVU194
 855 00d0 5046     		mov	r0, r10	@ float
 856 00d2 FFF7FEFF 		bl	__aeabi_f2d
 857              	.LVL42:
 858 00d6 4246     		mov	r2, r8
 859 00d8 4B46     		mov	r3, r9
ARM GAS  C:\Users\Admin\AppData\Local\Temp\ccakYRTd.s 			page 19


 860 00da FFF7FEFF 		bl	__aeabi_dmul
 861              	.LVL43:
 862 00de 8046     		mov	r8, r0
 863 00e0 8946     		mov	r9, r1
 110:Core/Src/Odometry.c **** 	current_y += dC*sin(current_phi_rad);
 864              		.loc 1 110 12 view .LVU195
 865 00e2 DFF884A1 		ldr	r10, .L42+104
 866 00e6 DAF80000 		ldr	r0, [r10]	@ float
 867 00ea FFF7FEFF 		bl	__aeabi_f2d
 868              	.LVL44:
 869 00ee 4246     		mov	r2, r8
 870 00f0 4B46     		mov	r3, r9
 871 00f2 FFF7FEFF 		bl	__aeabi_dadd
 872              	.LVL45:
 873 00f6 FFF7FEFF 		bl	__aeabi_d2f
 874              	.LVL46:
 875 00fa CAF80000 		str	r0, [r10]	@ float
 111:Core/Src/Odometry.c **** 	current_phi_rad += ((dR-dL)/spacing_encoder);
 876              		.loc 1 111 2 is_stmt 1 view .LVU196
 111:Core/Src/Odometry.c **** 	current_phi_rad += ((dR-dL)/spacing_encoder);
 877              		.loc 1 111 17 is_stmt 0 view .LVU197
 878 00fe 3F68     		ldr	r7, [r7]	@ float
 111:Core/Src/Odometry.c **** 	current_phi_rad += ((dR-dL)/spacing_encoder);
 879              		.loc 1 111 18 view .LVU198
 880 0100 3068     		ldr	r0, [r6]	@ float
 881 0102 FFF7FEFF 		bl	__aeabi_f2d
 882              	.LVL47:
 883 0106 41EC100B 		vmov	d0, r0, r1
 884 010a FFF7FEFF 		bl	sin
 885              	.LVL48:
 886 010e 59EC108B 		vmov	r8, r9, d0
 111:Core/Src/Odometry.c **** 	current_phi_rad += ((dR-dL)/spacing_encoder);
 887              		.loc 1 111 17 view .LVU199
 888 0112 3846     		mov	r0, r7	@ float
 889 0114 FFF7FEFF 		bl	__aeabi_f2d
 890              	.LVL49:
 891 0118 4246     		mov	r2, r8
 892 011a 4B46     		mov	r3, r9
 893 011c FFF7FEFF 		bl	__aeabi_dmul
 894              	.LVL50:
 895 0120 8046     		mov	r8, r0
 896 0122 8946     		mov	r9, r1
 111:Core/Src/Odometry.c **** 	current_phi_rad += ((dR-dL)/spacing_encoder);
 897              		.loc 1 111 12 view .LVU200
 898 0124 474F     		ldr	r7, .L42+68
 899 0126 3868     		ldr	r0, [r7]	@ float
 900 0128 FFF7FEFF 		bl	__aeabi_f2d
 901              	.LVL51:
 902 012c 4246     		mov	r2, r8
 903 012e 4B46     		mov	r3, r9
 904 0130 FFF7FEFF 		bl	__aeabi_dadd
 905              	.LVL52:
 906 0134 FFF7FEFF 		bl	__aeabi_d2f
 907              	.LVL53:
 908 0138 3860     		str	r0, [r7]	@ float
 112:Core/Src/Odometry.c **** 	d_phi_counter += ((dR-dL)/spacing_encoder);
 909              		.loc 1 112 2 is_stmt 1 view .LVU201
ARM GAS  C:\Users\Admin\AppData\Local\Temp\ccakYRTd.s 			page 20


 112:Core/Src/Odometry.c **** 	d_phi_counter += ((dR-dL)/spacing_encoder);
 910              		.loc 1 112 25 is_stmt 0 view .LVU202
 911 013a D5ED007A 		vldr.32	s15, [r5]
 912 013e 94ED007A 		vldr.32	s14, [r4]
 913 0142 77EEC77A 		vsub.f32	s15, s15, s14
 112:Core/Src/Odometry.c **** 	d_phi_counter += ((dR-dL)/spacing_encoder);
 914              		.loc 1 112 29 view .LVU203
 915 0146 404B     		ldr	r3, .L42+72
 916 0148 D3ED006A 		vldr.32	s13, [r3]
 917 014c 87EEA67A 		vdiv.f32	s14, s15, s13
 112:Core/Src/Odometry.c **** 	d_phi_counter += ((dR-dL)/spacing_encoder);
 918              		.loc 1 112 18 view .LVU204
 919 0150 D6ED007A 		vldr.32	s15, [r6]
 920 0154 77EE877A 		vadd.f32	s15, s15, s14
 921 0158 C6ED007A 		vstr.32	s15, [r6]
 113:Core/Src/Odometry.c **** 	while (current_phi_rad>PI)
 922              		.loc 1 113 2 is_stmt 1 view .LVU205
 113:Core/Src/Odometry.c **** 	while (current_phi_rad>PI)
 923              		.loc 1 113 23 is_stmt 0 view .LVU206
 924 015c D5ED007A 		vldr.32	s15, [r5]
 925 0160 94ED007A 		vldr.32	s14, [r4]
 926 0164 77EEC77A 		vsub.f32	s15, s15, s14
 113:Core/Src/Odometry.c **** 	while (current_phi_rad>PI)
 927              		.loc 1 113 27 view .LVU207
 928 0168 93ED007A 		vldr.32	s14, [r3]
 929 016c C7EE877A 		vdiv.f32	s15, s15, s14
 930 0170 17EE900A 		vmov	r0, s15
 931 0174 FFF7FEFF 		bl	__aeabi_f2d
 932              	.LVL54:
 113:Core/Src/Odometry.c **** 	while (current_phi_rad>PI)
 933              		.loc 1 113 16 view .LVU208
 934 0178 344C     		ldr	r4, .L42+76
 935 017a D4E90023 		ldrd	r2, [r4]
 936 017e FFF7FEFF 		bl	__aeabi_dadd
 937              	.LVL55:
 938 0182 C4E90001 		strd	r0, [r4]
 114:Core/Src/Odometry.c **** 	{
 939              		.loc 1 114 2 is_stmt 1 view .LVU209
 114:Core/Src/Odometry.c **** 	{
 940              		.loc 1 114 8 is_stmt 0 view .LVU210
 941 0186 08E0     		b	.L37
 942              	.L38:
 116:Core/Src/Odometry.c **** 	}
 943              		.loc 1 116 3 is_stmt 1 view .LVU211
 116:Core/Src/Odometry.c **** 	}
 944              		.loc 1 116 19 is_stmt 0 view .LVU212
 945 0188 2D4B     		ldr	r3, .L42+64
 946 018a D3ED007A 		vldr.32	s15, [r3]
 947 018e 9FED307A 		vldr.32	s14, .L42+80
 948 0192 77EEC77A 		vsub.f32	s15, s15, s14
 949 0196 C3ED007A 		vstr.32	s15, [r3]
 950              	.L37:
 114:Core/Src/Odometry.c **** 	{
 951              		.loc 1 114 24 is_stmt 1 view .LVU213
 952 019a 294B     		ldr	r3, .L42+64
 953 019c 93ED007A 		vldr.32	s14, [r3]
 954 01a0 DFED2C7A 		vldr.32	s15, .L42+84
ARM GAS  C:\Users\Admin\AppData\Local\Temp\ccakYRTd.s 			page 21


 955 01a4 B4EEE77A 		vcmpe.f32	s14, s15
 956 01a8 F1EE10FA 		vmrs	APSR_nzcv, FPSCR
 957 01ac ECDC     		bgt	.L38
 958 01ae 08E0     		b	.L39
 959              	.L40:
 120:Core/Src/Odometry.c **** 	}
 960              		.loc 1 120 3 view .LVU214
 120:Core/Src/Odometry.c **** 	}
 961              		.loc 1 120 19 is_stmt 0 view .LVU215
 962 01b0 234B     		ldr	r3, .L42+64
 963 01b2 D3ED007A 		vldr.32	s15, [r3]
 964 01b6 9FED267A 		vldr.32	s14, .L42+80
 965 01ba 77EE877A 		vadd.f32	s15, s15, s14
 966 01be C3ED007A 		vstr.32	s15, [r3]
 967              	.L39:
 118:Core/Src/Odometry.c **** 	{
 968              		.loc 1 118 24 is_stmt 1 view .LVU216
 969 01c2 1F4B     		ldr	r3, .L42+64
 970 01c4 93ED007A 		vldr.32	s14, [r3]
 971 01c8 DFED237A 		vldr.32	s15, .L42+88
 972 01cc B4EEE77A 		vcmpe.f32	s14, s15
 973 01d0 F1EE10FA 		vmrs	APSR_nzcv, FPSCR
 974 01d4 ECD4     		bmi	.L40
 122:Core/Src/Odometry.c **** 	//Robot navi 2020
 975              		.loc 1 122 2 view .LVU217
 122:Core/Src/Odometry.c **** 	//Robot navi 2020
 976              		.loc 1 122 20 is_stmt 0 view .LVU218
 977 01d6 1868     		ldr	r0, [r3]	@ float
 978 01d8 FFF7FEFF 		bl	__aeabi_f2d
 979              	.LVL56:
 980 01dc 41EC100B 		vmov	d0, r0, r1
 981 01e0 FFF7FEFF 		bl	rad_to_deg
 982              	.LVL57:
 122:Core/Src/Odometry.c **** 	//Robot navi 2020
 983              		.loc 1 122 18 view .LVU219
 984 01e4 1D4B     		ldr	r3, .L42+92
 985 01e6 83ED000A 		vstr.32	s0, [r3]
 124:Core/Src/Odometry.c **** 	t++;
 986              		.loc 1 124 2 is_stmt 1 view .LVU220
 124:Core/Src/Odometry.c **** 	t++;
 987              		.loc 1 124 8 is_stmt 0 view .LVU221
 988 01ea 1D4A     		ldr	r2, .L42+96
 989 01ec 1368     		ldr	r3, [r2]
 990 01ee 0133     		adds	r3, r3, #1
 991 01f0 1360     		str	r3, [r2]
 125:Core/Src/Odometry.c **** 	//ref_x = current_x + cos(current_phi_rad) *dec;
 992              		.loc 1 125 2 is_stmt 1 view .LVU222
 125:Core/Src/Odometry.c **** 	//ref_x = current_x + cos(current_phi_rad) *dec;
 993              		.loc 1 125 3 is_stmt 0 view .LVU223
 994 01f2 1C4A     		ldr	r2, .L42+100
 995 01f4 1368     		ldr	r3, [r2]
 996 01f6 0133     		adds	r3, r3, #1
 997 01f8 1360     		str	r3, [r2]
 128:Core/Src/Odometry.c **** 
 998              		.loc 1 128 1 view .LVU224
 999 01fa BDE8F087 		pop	{r4, r5, r6, r7, r8, r9, r10, pc}
 1000              	.L43:
ARM GAS  C:\Users\Admin\AppData\Local\Temp\ccakYRTd.s 			page 22


 1001 01fe 00BF     		.align	2
 1002              	.L42:
 1003 0200 00000000 		.word	d_right
 1004 0204 00000000 		.word	right_radius
 1005 0208 00000000 		.word	right_precision
 1006 020c 00000000 		.word	right_resolution
 1007 0210 00000000 		.word	dR
 1008 0214 00000000 		.word	total_right
 1009 0218 00000000 		.word	d_right_counter
 1010 021c 00000000 		.word	d_left
 1011 0220 00000000 		.word	left_radius
 1012 0224 00000000 		.word	left_precision
 1013 0228 00000000 		.word	left_resolution
 1014 022c 00000000 		.word	dL
 1015 0230 00000000 		.word	total_left
 1016 0234 00000000 		.word	d_left_counter
 1017 0238 00000000 		.word	dC
 1018 023c 00000000 		.word	total_centre
 1019 0240 00000000 		.word	current_phi_rad
 1020 0244 00000000 		.word	current_y
 1021 0248 00000000 		.word	spacing_encoder
 1022 024c 00000000 		.word	d_phi_counter
 1023 0250 DB0FC940 		.word	1086918619
 1024 0254 DB0F4940 		.word	1078530011
 1025 0258 DB0F49C0 		.word	-1068953637
 1026 025c 00000000 		.word	current_phi_deg
 1027 0260 00000000 		.word	millis
 1028 0264 00000000 		.word	t
 1029 0268 00000000 		.word	current_x
 1030              		.cfi_endproc
 1031              	.LFE139:
 1033              		.global	dec
 1034              		.section	.data.dec,"aw"
 1035              		.align	2
 1038              	dec:
 1039 0000 0000C842 		.word	1120403456
 1040              		.global	ref_y
 1041              		.section	.bss.ref_y,"aw",%nobits
 1042              		.align	2
 1045              	ref_y:
 1046 0000 00000000 		.space	4
 1047              		.global	ref_x
 1048              		.section	.bss.ref_x,"aw",%nobits
 1049              		.align	2
 1052              	ref_x:
 1053 0000 00000000 		.space	4
 1054              		.global	current_phi_deg
 1055              		.section	.data.current_phi_deg,"aw"
 1056              		.align	2
 1059              	current_phi_deg:
 1060 0000 0000B442 		.word	1119092736
 1061              		.global	d_phi_counter
 1062              		.section	.bss.d_phi_counter,"aw",%nobits
 1063              		.align	3
 1066              	d_phi_counter:
 1067 0000 00000000 		.space	8
 1067      00000000 
ARM GAS  C:\Users\Admin\AppData\Local\Temp\ccakYRTd.s 			page 23


 1068              		.global	phi_speed
 1069              		.section	.bss.phi_speed,"aw",%nobits
 1070              		.align	3
 1073              	phi_speed:
 1074 0000 00000000 		.space	8
 1074      00000000 
 1075              		.global	current_phi_rad
 1076              		.section	.data.current_phi_rad,"aw"
 1077              		.align	2
 1080              	current_phi_rad:
 1081 0000 DB0FC93F 		.word	1070141403
 1082              		.global	current_y
 1083              		.section	.data.current_y,"aw"
 1084              		.align	2
 1087              	current_y:
 1088 0000 00007A43 		.word	1132068864
 1089              		.global	current_x
 1090              		.section	.data.current_x,"aw"
 1091              		.align	2
 1094              	current_x:
 1095 0000 00E0DD44 		.word	1155391488
 1096              		.global	spacing_wheel
 1097              		.section	.bss.spacing_wheel,"aw",%nobits
 1098              		.align	2
 1101              	spacing_wheel:
 1102 0000 00000000 		.space	4
 1103              		.global	spacing_encoder
 1104              		.section	.bss.spacing_encoder,"aw",%nobits
 1105              		.align	2
 1108              	spacing_encoder:
 1109 0000 00000000 		.space	4
 1110              		.global	right_radius
 1111              		.section	.bss.right_radius,"aw",%nobits
 1112              		.align	2
 1115              	right_radius:
 1116 0000 00000000 		.space	4
 1117              		.global	left_radius
 1118              		.section	.bss.left_radius,"aw",%nobits
 1119              		.align	2
 1122              	left_radius:
 1123 0000 00000000 		.space	4
 1124              		.global	dC
 1125              		.section	.bss.dC,"aw",%nobits
 1126              		.align	2
 1129              	dC:
 1130 0000 00000000 		.space	4
 1131              		.global	dL
 1132              		.section	.bss.dL,"aw",%nobits
 1133              		.align	2
 1136              	dL:
 1137 0000 00000000 		.space	4
 1138              		.global	dR
 1139              		.section	.bss.dR,"aw",%nobits
 1140              		.align	2
 1143              	dR:
 1144 0000 00000000 		.space	4
 1145              		.global	left_encoder_speed
ARM GAS  C:\Users\Admin\AppData\Local\Temp\ccakYRTd.s 			page 24


 1146              		.section	.bss.left_encoder_speed,"aw",%nobits
 1147              		.align	3
 1150              	left_encoder_speed:
 1151 0000 00000000 		.space	8
 1151      00000000 
 1152              		.global	left_speed
 1153              		.section	.bss.left_speed,"aw",%nobits
 1154              		.align	3
 1157              	left_speed:
 1158 0000 00000000 		.space	8
 1158      00000000 
 1159              		.global	total_centre
 1160              		.section	.bss.total_centre,"aw",%nobits
 1161              		.align	2
 1164              	total_centre:
 1165 0000 00000000 		.space	4
 1166              		.global	d_left_counter
 1167              		.section	.bss.d_left_counter,"aw",%nobits
 1168              		.align	2
 1171              	d_left_counter:
 1172 0000 00000000 		.space	4
 1173              		.global	total_left
 1174              		.section	.bss.total_left,"aw",%nobits
 1175              		.align	2
 1178              	total_left:
 1179 0000 00000000 		.space	4
 1180              		.global	total_left_count
 1181              		.section	.bss.total_left_count,"aw",%nobits
 1182              		.align	2
 1185              	total_left_count:
 1186 0000 00000000 		.space	4
 1187              		.global	d_left
 1188              		.section	.bss.d_left,"aw",%nobits
 1189              		.align	2
 1192              	d_left:
 1193 0000 00000000 		.space	4
 1194              		.global	last_left_count
 1195              		.section	.bss.last_left_count,"aw",%nobits
 1196              		.align	2
 1199              	last_left_count:
 1200 0000 00000000 		.space	4
 1201              		.global	current_left_count
 1202              		.section	.bss.current_left_count,"aw",%nobits
 1203              		.align	2
 1206              	current_left_count:
 1207 0000 00000000 		.space	4
 1208              		.global	left_sens
 1209              		.section	.bss.left_sens,"aw",%nobits
 1210              		.align	2
 1213              	left_sens:
 1214 0000 00000000 		.space	4
 1215              		.global	left_precision
 1216              		.section	.bss.left_precision,"aw",%nobits
 1217              		.align	2
 1220              	left_precision:
 1221 0000 00000000 		.space	4
 1222              		.global	left_resolution
ARM GAS  C:\Users\Admin\AppData\Local\Temp\ccakYRTd.s 			page 25


 1223              		.section	.bss.left_resolution,"aw",%nobits
 1224              		.align	2
 1227              	left_resolution:
 1228 0000 00000000 		.space	4
 1229              		.global	left_TIM
 1230              		.section	.bss.left_TIM,"aw",%nobits
 1231              		.align	2
 1234              	left_TIM:
 1235 0000 00000000 		.space	4
 1236              		.global	htim_left_Encoder
 1237              		.section	.bss.htim_left_Encoder,"aw",%nobits
 1238              		.align	2
 1241              	htim_left_Encoder:
 1242 0000 00000000 		.space	4
 1243              		.global	right_encoder_speed
 1244              		.section	.bss.right_encoder_speed,"aw",%nobits
 1245              		.align	3
 1248              	right_encoder_speed:
 1249 0000 00000000 		.space	8
 1249      00000000 
 1250              		.global	right_speed
 1251              		.section	.bss.right_speed,"aw",%nobits
 1252              		.align	3
 1255              	right_speed:
 1256 0000 00000000 		.space	8
 1256      00000000 
 1257              		.global	d_right_counter
 1258              		.section	.bss.d_right_counter,"aw",%nobits
 1259              		.align	2
 1262              	d_right_counter:
 1263 0000 00000000 		.space	4
 1264              		.global	total_right
 1265              		.section	.bss.total_right,"aw",%nobits
 1266              		.align	2
 1269              	total_right:
 1270 0000 00000000 		.space	4
 1271              		.global	total_right_count
 1272              		.section	.bss.total_right_count,"aw",%nobits
 1273              		.align	2
 1276              	total_right_count:
 1277 0000 00000000 		.space	4
 1278              		.global	d_right
 1279              		.section	.bss.d_right,"aw",%nobits
 1280              		.align	2
 1283              	d_right:
 1284 0000 00000000 		.space	4
 1285              		.global	last_right_count
 1286              		.section	.bss.last_right_count,"aw",%nobits
 1287              		.align	2
 1290              	last_right_count:
 1291 0000 00000000 		.space	4
 1292              		.global	current_right_count
 1293              		.section	.bss.current_right_count,"aw",%nobits
 1294              		.align	2
 1297              	current_right_count:
 1298 0000 00000000 		.space	4
 1299              		.global	right_sens
ARM GAS  C:\Users\Admin\AppData\Local\Temp\ccakYRTd.s 			page 26


 1300              		.section	.bss.right_sens,"aw",%nobits
 1301              		.align	2
 1304              	right_sens:
 1305 0000 00000000 		.space	4
 1306              		.global	right_precision
 1307              		.section	.bss.right_precision,"aw",%nobits
 1308              		.align	2
 1311              	right_precision:
 1312 0000 00000000 		.space	4
 1313              		.global	right_resolution
 1314              		.section	.bss.right_resolution,"aw",%nobits
 1315              		.align	2
 1318              	right_resolution:
 1319 0000 00000000 		.space	4
 1320              		.global	right_TIM
 1321              		.section	.bss.right_TIM,"aw",%nobits
 1322              		.align	2
 1325              	right_TIM:
 1326 0000 00000000 		.space	4
 1327              		.global	htim_right_encoder
 1328              		.section	.bss.htim_right_encoder,"aw",%nobits
 1329              		.align	2
 1332              	htim_right_encoder:
 1333 0000 00000000 		.space	4
 1334              		.global	t
 1335              		.section	.bss.t,"aw",%nobits
 1336              		.align	2
 1339              	t:
 1340 0000 00000000 		.space	4
 1341              		.global	millis
 1342              		.section	.bss.millis,"aw",%nobits
 1343              		.align	2
 1346              	millis:
 1347 0000 00000000 		.space	4
 1348              		.text
 1349              	.Letext0:
 1350              		.file 2 "C:\\ST\\STM32CubeIDE_1.16.0\\STM32CubeIDE\\plugins\\com.st.stm32cube.ide.mcu.externaltool
 1351              		.file 3 "C:\\ST\\STM32CubeIDE_1.16.0\\STM32CubeIDE\\plugins\\com.st.stm32cube.ide.mcu.externaltool
 1352              		.file 4 "Drivers/CMSIS/Device/ST/STM32F4xx/Include/stm32f446xx.h"
 1353              		.file 5 "Drivers/STM32F4xx_HAL_Driver/Inc/stm32f4xx_hal_def.h"
 1354              		.file 6 "Drivers/STM32F4xx_HAL_Driver/Inc/stm32f4xx_hal_dma.h"
 1355              		.file 7 "Drivers/STM32F4xx_HAL_Driver/Inc/stm32f4xx_hal_tim.h"
 1356              		.file 8 "C:\\ST\\STM32CubeIDE_1.16.0\\STM32CubeIDE\\plugins\\com.st.stm32cube.ide.mcu.externaltool
ARM GAS  C:\Users\Admin\AppData\Local\Temp\ccakYRTd.s 			page 27


DEFINED SYMBOLS
                            *ABS*:00000000 Odometry.c
C:\Users\Admin\AppData\Local\Temp\ccakYRTd.s:21     .text.set_right_encoder:00000000 $t
C:\Users\Admin\AppData\Local\Temp\ccakYRTd.s:27     .text.set_right_encoder:00000000 set_right_encoder
C:\Users\Admin\AppData\Local\Temp\ccakYRTd.s:89     .text.set_right_encoder:0000002c $d
C:\Users\Admin\AppData\Local\Temp\ccakYRTd.s:1332   .bss.htim_right_encoder:00000000 htim_right_encoder
C:\Users\Admin\AppData\Local\Temp\ccakYRTd.s:1325   .bss.right_TIM:00000000 right_TIM
C:\Users\Admin\AppData\Local\Temp\ccakYRTd.s:1318   .bss.right_resolution:00000000 right_resolution
C:\Users\Admin\AppData\Local\Temp\ccakYRTd.s:1311   .bss.right_precision:00000000 right_precision
C:\Users\Admin\AppData\Local\Temp\ccakYRTd.s:1304   .bss.right_sens:00000000 right_sens
C:\Users\Admin\AppData\Local\Temp\ccakYRTd.s:1276   .bss.total_right_count:00000000 total_right_count
C:\Users\Admin\AppData\Local\Temp\ccakYRTd.s:99     .text.set_left_encoder:00000000 $t
C:\Users\Admin\AppData\Local\Temp\ccakYRTd.s:105    .text.set_left_encoder:00000000 set_left_encoder
C:\Users\Admin\AppData\Local\Temp\ccakYRTd.s:167    .text.set_left_encoder:0000002c $d
C:\Users\Admin\AppData\Local\Temp\ccakYRTd.s:1241   .bss.htim_left_Encoder:00000000 htim_left_Encoder
C:\Users\Admin\AppData\Local\Temp\ccakYRTd.s:1234   .bss.left_TIM:00000000 left_TIM
C:\Users\Admin\AppData\Local\Temp\ccakYRTd.s:1227   .bss.left_resolution:00000000 left_resolution
C:\Users\Admin\AppData\Local\Temp\ccakYRTd.s:1220   .bss.left_precision:00000000 left_precision
C:\Users\Admin\AppData\Local\Temp\ccakYRTd.s:1213   .bss.left_sens:00000000 left_sens
C:\Users\Admin\AppData\Local\Temp\ccakYRTd.s:1185   .bss.total_left_count:00000000 total_left_count
C:\Users\Admin\AppData\Local\Temp\ccakYRTd.s:177    .text.read_right_encoder:00000000 $t
C:\Users\Admin\AppData\Local\Temp\ccakYRTd.s:183    .text.read_right_encoder:00000000 read_right_encoder
C:\Users\Admin\AppData\Local\Temp\ccakYRTd.s:262    .text.read_right_encoder:0000005c $d
C:\Users\Admin\AppData\Local\Temp\ccakYRTd.s:1297   .bss.current_right_count:00000000 current_right_count
C:\Users\Admin\AppData\Local\Temp\ccakYRTd.s:1290   .bss.last_right_count:00000000 last_right_count
C:\Users\Admin\AppData\Local\Temp\ccakYRTd.s:1283   .bss.d_right:00000000 d_right
C:\Users\Admin\AppData\Local\Temp\ccakYRTd.s:273    .text.read_left_encoder:00000000 $t
C:\Users\Admin\AppData\Local\Temp\ccakYRTd.s:279    .text.read_left_encoder:00000000 read_left_encoder
C:\Users\Admin\AppData\Local\Temp\ccakYRTd.s:358    .text.read_left_encoder:0000005c $d
C:\Users\Admin\AppData\Local\Temp\ccakYRTd.s:1206   .bss.current_left_count:00000000 current_left_count
C:\Users\Admin\AppData\Local\Temp\ccakYRTd.s:1199   .bss.last_left_count:00000000 last_left_count
C:\Users\Admin\AppData\Local\Temp\ccakYRTd.s:1192   .bss.d_left:00000000 d_left
C:\Users\Admin\AppData\Local\Temp\ccakYRTd.s:369    .text.set_dimentions:00000000 $t
C:\Users\Admin\AppData\Local\Temp\ccakYRTd.s:375    .text.set_dimentions:00000000 set_dimentions
C:\Users\Admin\AppData\Local\Temp\ccakYRTd.s:404    .text.set_dimentions:0000001c $d
C:\Users\Admin\AppData\Local\Temp\ccakYRTd.s:1115   .bss.right_radius:00000000 right_radius
C:\Users\Admin\AppData\Local\Temp\ccakYRTd.s:1122   .bss.left_radius:00000000 left_radius
C:\Users\Admin\AppData\Local\Temp\ccakYRTd.s:1108   .bss.spacing_encoder:00000000 spacing_encoder
C:\Users\Admin\AppData\Local\Temp\ccakYRTd.s:1101   .bss.spacing_wheel:00000000 spacing_wheel
C:\Users\Admin\AppData\Local\Temp\ccakYRTd.s:417    .text.speed_calcul:00000000 $t
C:\Users\Admin\AppData\Local\Temp\ccakYRTd.s:423    .text.speed_calcul:00000000 speed_calcul
C:\Users\Admin\AppData\Local\Temp\ccakYRTd.s:588    .text.speed_calcul:00000104 $d
C:\Users\Admin\AppData\Local\Temp\ccakYRTd.s:1262   .bss.d_right_counter:00000000 d_right_counter
C:\Users\Admin\AppData\Local\Temp\ccakYRTd.s:1248   .bss.right_encoder_speed:00000000 right_encoder_speed
C:\Users\Admin\AppData\Local\Temp\ccakYRTd.s:1171   .bss.d_left_counter:00000000 d_left_counter
C:\Users\Admin\AppData\Local\Temp\ccakYRTd.s:1150   .bss.left_encoder_speed:00000000 left_encoder_speed
C:\Users\Admin\AppData\Local\Temp\ccakYRTd.s:1066   .bss.d_phi_counter:00000000 d_phi_counter
C:\Users\Admin\AppData\Local\Temp\ccakYRTd.s:1073   .bss.phi_speed:00000000 phi_speed
C:\Users\Admin\AppData\Local\Temp\ccakYRTd.s:1255   .bss.right_speed:00000000 right_speed
C:\Users\Admin\AppData\Local\Temp\ccakYRTd.s:1157   .bss.left_speed:00000000 left_speed
C:\Users\Admin\AppData\Local\Temp\ccakYRTd.s:605    .text.reset_position:00000000 $t
C:\Users\Admin\AppData\Local\Temp\ccakYRTd.s:611    .text.reset_position:00000000 reset_position
C:\Users\Admin\AppData\Local\Temp\ccakYRTd.s:640    .text.reset_position:00000014 $d
C:\Users\Admin\AppData\Local\Temp\ccakYRTd.s:1094   .data.current_x:00000000 current_x
C:\Users\Admin\AppData\Local\Temp\ccakYRTd.s:1087   .data.current_y:00000000 current_y
C:\Users\Admin\AppData\Local\Temp\ccakYRTd.s:1059   .data.current_phi_deg:00000000 current_phi_deg
C:\Users\Admin\AppData\Local\Temp\ccakYRTd.s:1080   .data.current_phi_rad:00000000 current_phi_rad
ARM GAS  C:\Users\Admin\AppData\Local\Temp\ccakYRTd.s 			page 28


C:\Users\Admin\AppData\Local\Temp\ccakYRTd.s:648    .text.ticks_to_distance:00000000 $t
C:\Users\Admin\AppData\Local\Temp\ccakYRTd.s:654    .text.ticks_to_distance:00000000 ticks_to_distance
C:\Users\Admin\AppData\Local\Temp\ccakYRTd.s:685    .text.ticks_to_distance:00000028 $d
C:\Users\Admin\AppData\Local\Temp\ccakYRTd.s:691    .text.rad_to_deg:00000000 $t
C:\Users\Admin\AppData\Local\Temp\ccakYRTd.s:697    .text.rad_to_deg:00000000 rad_to_deg
C:\Users\Admin\AppData\Local\Temp\ccakYRTd.s:730    .text.rad_to_deg:00000028 $d
C:\Users\Admin\AppData\Local\Temp\ccakYRTd.s:737    .text.update_position:00000000 $t
C:\Users\Admin\AppData\Local\Temp\ccakYRTd.s:743    .text.update_position:00000000 update_position
C:\Users\Admin\AppData\Local\Temp\ccakYRTd.s:1003   .text.update_position:00000200 $d
C:\Users\Admin\AppData\Local\Temp\ccakYRTd.s:1143   .bss.dR:00000000 dR
C:\Users\Admin\AppData\Local\Temp\ccakYRTd.s:1269   .bss.total_right:00000000 total_right
C:\Users\Admin\AppData\Local\Temp\ccakYRTd.s:1136   .bss.dL:00000000 dL
C:\Users\Admin\AppData\Local\Temp\ccakYRTd.s:1178   .bss.total_left:00000000 total_left
C:\Users\Admin\AppData\Local\Temp\ccakYRTd.s:1129   .bss.dC:00000000 dC
C:\Users\Admin\AppData\Local\Temp\ccakYRTd.s:1164   .bss.total_centre:00000000 total_centre
C:\Users\Admin\AppData\Local\Temp\ccakYRTd.s:1346   .bss.millis:00000000 millis
C:\Users\Admin\AppData\Local\Temp\ccakYRTd.s:1339   .bss.t:00000000 t
C:\Users\Admin\AppData\Local\Temp\ccakYRTd.s:1038   .data.dec:00000000 dec
C:\Users\Admin\AppData\Local\Temp\ccakYRTd.s:1035   .data.dec:00000000 $d
C:\Users\Admin\AppData\Local\Temp\ccakYRTd.s:1045   .bss.ref_y:00000000 ref_y
C:\Users\Admin\AppData\Local\Temp\ccakYRTd.s:1042   .bss.ref_y:00000000 $d
C:\Users\Admin\AppData\Local\Temp\ccakYRTd.s:1052   .bss.ref_x:00000000 ref_x
C:\Users\Admin\AppData\Local\Temp\ccakYRTd.s:1049   .bss.ref_x:00000000 $d
C:\Users\Admin\AppData\Local\Temp\ccakYRTd.s:1056   .data.current_phi_deg:00000000 $d
C:\Users\Admin\AppData\Local\Temp\ccakYRTd.s:1063   .bss.d_phi_counter:00000000 $d
C:\Users\Admin\AppData\Local\Temp\ccakYRTd.s:1070   .bss.phi_speed:00000000 $d
C:\Users\Admin\AppData\Local\Temp\ccakYRTd.s:1077   .data.current_phi_rad:00000000 $d
C:\Users\Admin\AppData\Local\Temp\ccakYRTd.s:1084   .data.current_y:00000000 $d
C:\Users\Admin\AppData\Local\Temp\ccakYRTd.s:1091   .data.current_x:00000000 $d
C:\Users\Admin\AppData\Local\Temp\ccakYRTd.s:1098   .bss.spacing_wheel:00000000 $d
C:\Users\Admin\AppData\Local\Temp\ccakYRTd.s:1105   .bss.spacing_encoder:00000000 $d
C:\Users\Admin\AppData\Local\Temp\ccakYRTd.s:1112   .bss.right_radius:00000000 $d
C:\Users\Admin\AppData\Local\Temp\ccakYRTd.s:1119   .bss.left_radius:00000000 $d
C:\Users\Admin\AppData\Local\Temp\ccakYRTd.s:1126   .bss.dC:00000000 $d
C:\Users\Admin\AppData\Local\Temp\ccakYRTd.s:1133   .bss.dL:00000000 $d
C:\Users\Admin\AppData\Local\Temp\ccakYRTd.s:1140   .bss.dR:00000000 $d
C:\Users\Admin\AppData\Local\Temp\ccakYRTd.s:1147   .bss.left_encoder_speed:00000000 $d
C:\Users\Admin\AppData\Local\Temp\ccakYRTd.s:1154   .bss.left_speed:00000000 $d
C:\Users\Admin\AppData\Local\Temp\ccakYRTd.s:1161   .bss.total_centre:00000000 $d
C:\Users\Admin\AppData\Local\Temp\ccakYRTd.s:1168   .bss.d_left_counter:00000000 $d
C:\Users\Admin\AppData\Local\Temp\ccakYRTd.s:1175   .bss.total_left:00000000 $d
C:\Users\Admin\AppData\Local\Temp\ccakYRTd.s:1182   .bss.total_left_count:00000000 $d
C:\Users\Admin\AppData\Local\Temp\ccakYRTd.s:1189   .bss.d_left:00000000 $d
C:\Users\Admin\AppData\Local\Temp\ccakYRTd.s:1196   .bss.last_left_count:00000000 $d
C:\Users\Admin\AppData\Local\Temp\ccakYRTd.s:1203   .bss.current_left_count:00000000 $d
C:\Users\Admin\AppData\Local\Temp\ccakYRTd.s:1210   .bss.left_sens:00000000 $d
C:\Users\Admin\AppData\Local\Temp\ccakYRTd.s:1217   .bss.left_precision:00000000 $d
C:\Users\Admin\AppData\Local\Temp\ccakYRTd.s:1224   .bss.left_resolution:00000000 $d
C:\Users\Admin\AppData\Local\Temp\ccakYRTd.s:1231   .bss.left_TIM:00000000 $d
C:\Users\Admin\AppData\Local\Temp\ccakYRTd.s:1238   .bss.htim_left_Encoder:00000000 $d
C:\Users\Admin\AppData\Local\Temp\ccakYRTd.s:1245   .bss.right_encoder_speed:00000000 $d
C:\Users\Admin\AppData\Local\Temp\ccakYRTd.s:1252   .bss.right_speed:00000000 $d
C:\Users\Admin\AppData\Local\Temp\ccakYRTd.s:1259   .bss.d_right_counter:00000000 $d
C:\Users\Admin\AppData\Local\Temp\ccakYRTd.s:1266   .bss.total_right:00000000 $d
C:\Users\Admin\AppData\Local\Temp\ccakYRTd.s:1273   .bss.total_right_count:00000000 $d
C:\Users\Admin\AppData\Local\Temp\ccakYRTd.s:1280   .bss.d_right:00000000 $d
C:\Users\Admin\AppData\Local\Temp\ccakYRTd.s:1287   .bss.last_right_count:00000000 $d
ARM GAS  C:\Users\Admin\AppData\Local\Temp\ccakYRTd.s 			page 29


C:\Users\Admin\AppData\Local\Temp\ccakYRTd.s:1294   .bss.current_right_count:00000000 $d
C:\Users\Admin\AppData\Local\Temp\ccakYRTd.s:1301   .bss.right_sens:00000000 $d
C:\Users\Admin\AppData\Local\Temp\ccakYRTd.s:1308   .bss.right_precision:00000000 $d
C:\Users\Admin\AppData\Local\Temp\ccakYRTd.s:1315   .bss.right_resolution:00000000 $d
C:\Users\Admin\AppData\Local\Temp\ccakYRTd.s:1322   .bss.right_TIM:00000000 $d
C:\Users\Admin\AppData\Local\Temp\ccakYRTd.s:1329   .bss.htim_right_encoder:00000000 $d
C:\Users\Admin\AppData\Local\Temp\ccakYRTd.s:1336   .bss.t:00000000 $d
C:\Users\Admin\AppData\Local\Temp\ccakYRTd.s:1343   .bss.millis:00000000 $d

UNDEFINED SYMBOLS
HAL_TIM_Encoder_Start
__aeabi_f2d
__aeabi_ddiv
__aeabi_dmul
__aeabi_dadd
__aeabi_dsub
__aeabi_d2f
cos
sin
