ARM GAS  C:\Users\Admin\AppData\Local\Temp\cc3Y5Imu.s 			page 1


   1              		.cpu cortex-m4
   2              		.arch armv7e-m
   3              		.fpu fpv4-sp-d16
   4              		.eabi_attribute 27, 1
   5              		.eabi_attribute 28, 1
   6              		.eabi_attribute 20, 1
   7              		.eabi_attribute 21, 1
   8              		.eabi_attribute 23, 3
   9              		.eabi_attribute 24, 1
  10              		.eabi_attribute 25, 1
  11              		.eabi_attribute 26, 1
  12              		.eabi_attribute 30, 1
  13              		.eabi_attribute 34, 1
  14              		.eabi_attribute 18, 4
  15              		.file	"stm32f4xx_it.c"
  16              		.text
  17              	.Ltext0:
  18              		.cfi_sections	.debug_frame
  19              		.file 1 "Core/Src/stm32f4xx_it.c"
  20              		.section	.text.NMI_Handler,"ax",%progbits
  21              		.align	1
  22              		.global	NMI_Handler
  23              		.syntax unified
  24              		.thumb
  25              		.thumb_func
  27              	NMI_Handler:
  28              	.LFB134:
   1:Core/Src/stm32f4xx_it.c **** /* USER CODE BEGIN Header */
   2:Core/Src/stm32f4xx_it.c **** /**
   3:Core/Src/stm32f4xx_it.c ****   ******************************************************************************
   4:Core/Src/stm32f4xx_it.c ****   * @file    stm32f4xx_it.c
   5:Core/Src/stm32f4xx_it.c ****   * @brief   Interrupt Service Routines.
   6:Core/Src/stm32f4xx_it.c ****   ******************************************************************************
   7:Core/Src/stm32f4xx_it.c ****   * @attention
   8:Core/Src/stm32f4xx_it.c ****   *
   9:Core/Src/stm32f4xx_it.c ****   * Copyright (c) 2024 STMicroelectronics.
  10:Core/Src/stm32f4xx_it.c ****   * All rights reserved.
  11:Core/Src/stm32f4xx_it.c ****   *
  12:Core/Src/stm32f4xx_it.c ****   * This software is licensed under terms that can be found in the LICENSE file
  13:Core/Src/stm32f4xx_it.c ****   * in the root directory of this software component.
  14:Core/Src/stm32f4xx_it.c ****   * If no LICENSE file comes with this software, it is provided AS-IS.
  15:Core/Src/stm32f4xx_it.c ****   *
  16:Core/Src/stm32f4xx_it.c ****   ******************************************************************************
  17:Core/Src/stm32f4xx_it.c ****   */
  18:Core/Src/stm32f4xx_it.c **** /* USER CODE END Header */
  19:Core/Src/stm32f4xx_it.c **** 
  20:Core/Src/stm32f4xx_it.c **** /* Includes ------------------------------------------------------------------*/
  21:Core/Src/stm32f4xx_it.c **** #include "main.h"
  22:Core/Src/stm32f4xx_it.c **** #include "stm32f4xx_it.h"
  23:Core/Src/stm32f4xx_it.c **** /* Private includes ----------------------------------------------------------*/
  24:Core/Src/stm32f4xx_it.c **** /* USER CODE BEGIN Includes */
  25:Core/Src/stm32f4xx_it.c **** /* USER CODE END Includes */
  26:Core/Src/stm32f4xx_it.c **** 
  27:Core/Src/stm32f4xx_it.c **** /* Private typedef -----------------------------------------------------------*/
  28:Core/Src/stm32f4xx_it.c **** /* USER CODE BEGIN TD */
  29:Core/Src/stm32f4xx_it.c **** 
  30:Core/Src/stm32f4xx_it.c **** /* USER CODE END TD */
ARM GAS  C:\Users\Admin\AppData\Local\Temp\cc3Y5Imu.s 			page 2


  31:Core/Src/stm32f4xx_it.c **** 
  32:Core/Src/stm32f4xx_it.c **** /* Private define ------------------------------------------------------------*/
  33:Core/Src/stm32f4xx_it.c **** /* USER CODE BEGIN PD */
  34:Core/Src/stm32f4xx_it.c **** 
  35:Core/Src/stm32f4xx_it.c **** /* USER CODE END PD */
  36:Core/Src/stm32f4xx_it.c **** 
  37:Core/Src/stm32f4xx_it.c **** /* Private macro -------------------------------------------------------------*/
  38:Core/Src/stm32f4xx_it.c **** /* USER CODE BEGIN PM */
  39:Core/Src/stm32f4xx_it.c **** 
  40:Core/Src/stm32f4xx_it.c **** /* USER CODE END PM */
  41:Core/Src/stm32f4xx_it.c **** 
  42:Core/Src/stm32f4xx_it.c **** /* Private variables ---------------------------------------------------------*/
  43:Core/Src/stm32f4xx_it.c **** /* USER CODE BEGIN PV */
  44:Core/Src/stm32f4xx_it.c **** 
  45:Core/Src/stm32f4xx_it.c **** /* USER CODE END PV */
  46:Core/Src/stm32f4xx_it.c **** 
  47:Core/Src/stm32f4xx_it.c **** /* Private function prototypes -----------------------------------------------*/
  48:Core/Src/stm32f4xx_it.c **** /* USER CODE BEGIN PFP */
  49:Core/Src/stm32f4xx_it.c **** 
  50:Core/Src/stm32f4xx_it.c **** /* USER CODE END PFP */
  51:Core/Src/stm32f4xx_it.c **** 
  52:Core/Src/stm32f4xx_it.c **** /* Private user code ---------------------------------------------------------*/
  53:Core/Src/stm32f4xx_it.c **** /* USER CODE BEGIN 0 */
  54:Core/Src/stm32f4xx_it.c **** 
  55:Core/Src/stm32f4xx_it.c **** 
  56:Core/Src/stm32f4xx_it.c **** 
  57:Core/Src/stm32f4xx_it.c **** /* USER CODE END 0 */
  58:Core/Src/stm32f4xx_it.c **** 
  59:Core/Src/stm32f4xx_it.c **** /* External variables --------------------------------------------------------*/
  60:Core/Src/stm32f4xx_it.c **** extern TIM_HandleTypeDef htim7;
  61:Core/Src/stm32f4xx_it.c **** extern TIM_HandleTypeDef htim14;
  62:Core/Src/stm32f4xx_it.c **** extern DMA_HandleTypeDef hdma_usart2_rx;
  63:Core/Src/stm32f4xx_it.c **** extern DMA_HandleTypeDef hdma_usart2_tx;
  64:Core/Src/stm32f4xx_it.c **** extern UART_HandleTypeDef huart2;
  65:Core/Src/stm32f4xx_it.c **** extern TIM_HandleTypeDef htim2;
  66:Core/Src/stm32f4xx_it.c **** 
  67:Core/Src/stm32f4xx_it.c **** /* USER CODE BEGIN EV */
  68:Core/Src/stm32f4xx_it.c **** 
  69:Core/Src/stm32f4xx_it.c **** extern volatile unsigned long   ulHighFrequencyTimerTicks;
  70:Core/Src/stm32f4xx_it.c **** 
  71:Core/Src/stm32f4xx_it.c **** /* USER CODE END EV */
  72:Core/Src/stm32f4xx_it.c **** 
  73:Core/Src/stm32f4xx_it.c **** /******************************************************************************/
  74:Core/Src/stm32f4xx_it.c **** /*           Cortex-M4 Processor Interruption and Exception Handlers          */
  75:Core/Src/stm32f4xx_it.c **** /******************************************************************************/
  76:Core/Src/stm32f4xx_it.c **** /**
  77:Core/Src/stm32f4xx_it.c ****   * @brief This function handles Non maskable interrupt.
  78:Core/Src/stm32f4xx_it.c ****   */
  79:Core/Src/stm32f4xx_it.c **** void NMI_Handler(void)
  80:Core/Src/stm32f4xx_it.c **** {
  29              		.loc 1 80 1 view -0
  30              		.cfi_startproc
  31              		@ Volatile: function does not return.
  32              		@ args = 0, pretend = 0, frame = 0
  33              		@ frame_needed = 0, uses_anonymous_args = 0
  34              		@ link register save eliminated.
  35              	.L2:
ARM GAS  C:\Users\Admin\AppData\Local\Temp\cc3Y5Imu.s 			page 3


  81:Core/Src/stm32f4xx_it.c ****   /* USER CODE BEGIN NonMaskableInt_IRQn 0 */
  82:Core/Src/stm32f4xx_it.c **** 
  83:Core/Src/stm32f4xx_it.c ****   /* USER CODE END NonMaskableInt_IRQn 0 */
  84:Core/Src/stm32f4xx_it.c ****   /* USER CODE BEGIN NonMaskableInt_IRQn 1 */
  85:Core/Src/stm32f4xx_it.c ****    while (1)
  36              		.loc 1 85 4 discriminator 1 view .LVU1
  86:Core/Src/stm32f4xx_it.c ****   {
  87:Core/Src/stm32f4xx_it.c ****   }
  37              		.loc 1 87 3 discriminator 1 view .LVU2
  85:Core/Src/stm32f4xx_it.c ****   {
  38              		.loc 1 85 10 discriminator 1 view .LVU3
  39 0000 FEE7     		b	.L2
  40              		.cfi_endproc
  41              	.LFE134:
  43              		.section	.text.HardFault_Handler,"ax",%progbits
  44              		.align	1
  45              		.global	HardFault_Handler
  46              		.syntax unified
  47              		.thumb
  48              		.thumb_func
  50              	HardFault_Handler:
  51              	.LFB135:
  88:Core/Src/stm32f4xx_it.c ****   /* USER CODE END NonMaskableInt_IRQn 1 */
  89:Core/Src/stm32f4xx_it.c **** }
  90:Core/Src/stm32f4xx_it.c **** 
  91:Core/Src/stm32f4xx_it.c **** /**
  92:Core/Src/stm32f4xx_it.c ****   * @brief This function handles Hard fault interrupt.
  93:Core/Src/stm32f4xx_it.c ****   */
  94:Core/Src/stm32f4xx_it.c **** void HardFault_Handler(void)
  95:Core/Src/stm32f4xx_it.c **** {
  52              		.loc 1 95 1 view -0
  53              		.cfi_startproc
  54              		@ Volatile: function does not return.
  55              		@ args = 0, pretend = 0, frame = 0
  56              		@ frame_needed = 0, uses_anonymous_args = 0
  57              		@ link register save eliminated.
  58              	.L4:
  96:Core/Src/stm32f4xx_it.c ****   /* USER CODE BEGIN HardFault_IRQn 0 */
  97:Core/Src/stm32f4xx_it.c **** 
  98:Core/Src/stm32f4xx_it.c ****   /* USER CODE END HardFault_IRQn 0 */
  99:Core/Src/stm32f4xx_it.c ****   while (1)
  59              		.loc 1 99 3 discriminator 1 view .LVU5
 100:Core/Src/stm32f4xx_it.c ****   {
 101:Core/Src/stm32f4xx_it.c ****     /* USER CODE BEGIN W1_HardFault_IRQn 0 */
 102:Core/Src/stm32f4xx_it.c ****     /* USER CODE END W1_HardFault_IRQn 0 */
 103:Core/Src/stm32f4xx_it.c ****   }
  60              		.loc 1 103 3 discriminator 1 view .LVU6
  99:Core/Src/stm32f4xx_it.c ****   {
  61              		.loc 1 99 9 discriminator 1 view .LVU7
  62 0000 FEE7     		b	.L4
  63              		.cfi_endproc
  64              	.LFE135:
  66              		.section	.text.MemManage_Handler,"ax",%progbits
  67              		.align	1
  68              		.global	MemManage_Handler
  69              		.syntax unified
  70              		.thumb
ARM GAS  C:\Users\Admin\AppData\Local\Temp\cc3Y5Imu.s 			page 4


  71              		.thumb_func
  73              	MemManage_Handler:
  74              	.LFB136:
 104:Core/Src/stm32f4xx_it.c **** }
 105:Core/Src/stm32f4xx_it.c **** 
 106:Core/Src/stm32f4xx_it.c **** /**
 107:Core/Src/stm32f4xx_it.c ****   * @brief This function handles Memory management fault.
 108:Core/Src/stm32f4xx_it.c ****   */
 109:Core/Src/stm32f4xx_it.c **** void MemManage_Handler(void)
 110:Core/Src/stm32f4xx_it.c **** {
  75              		.loc 1 110 1 view -0
  76              		.cfi_startproc
  77              		@ Volatile: function does not return.
  78              		@ args = 0, pretend = 0, frame = 0
  79              		@ frame_needed = 0, uses_anonymous_args = 0
  80              		@ link register save eliminated.
  81              	.L6:
 111:Core/Src/stm32f4xx_it.c ****   /* USER CODE BEGIN MemoryManagement_IRQn 0 */
 112:Core/Src/stm32f4xx_it.c **** 
 113:Core/Src/stm32f4xx_it.c ****   /* USER CODE END MemoryManagement_IRQn 0 */
 114:Core/Src/stm32f4xx_it.c ****   while (1)
  82              		.loc 1 114 3 discriminator 1 view .LVU9
 115:Core/Src/stm32f4xx_it.c ****   {
 116:Core/Src/stm32f4xx_it.c ****     /* USER CODE BEGIN W1_MemoryManagement_IRQn 0 */
 117:Core/Src/stm32f4xx_it.c ****     /* USER CODE END W1_MemoryManagement_IRQn 0 */
 118:Core/Src/stm32f4xx_it.c ****   }
  83              		.loc 1 118 3 discriminator 1 view .LVU10
 114:Core/Src/stm32f4xx_it.c ****   {
  84              		.loc 1 114 9 discriminator 1 view .LVU11
  85 0000 FEE7     		b	.L6
  86              		.cfi_endproc
  87              	.LFE136:
  89              		.section	.text.BusFault_Handler,"ax",%progbits
  90              		.align	1
  91              		.global	BusFault_Handler
  92              		.syntax unified
  93              		.thumb
  94              		.thumb_func
  96              	BusFault_Handler:
  97              	.LFB137:
 119:Core/Src/stm32f4xx_it.c **** }
 120:Core/Src/stm32f4xx_it.c **** 
 121:Core/Src/stm32f4xx_it.c **** /**
 122:Core/Src/stm32f4xx_it.c ****   * @brief This function handles Pre-fetch fault, memory access fault.
 123:Core/Src/stm32f4xx_it.c ****   */
 124:Core/Src/stm32f4xx_it.c **** void BusFault_Handler(void)
 125:Core/Src/stm32f4xx_it.c **** {
  98              		.loc 1 125 1 view -0
  99              		.cfi_startproc
 100              		@ Volatile: function does not return.
 101              		@ args = 0, pretend = 0, frame = 0
 102              		@ frame_needed = 0, uses_anonymous_args = 0
 103              		@ link register save eliminated.
 104              	.L8:
 126:Core/Src/stm32f4xx_it.c ****   /* USER CODE BEGIN BusFault_IRQn 0 */
 127:Core/Src/stm32f4xx_it.c **** 
 128:Core/Src/stm32f4xx_it.c ****   /* USER CODE END BusFault_IRQn 0 */
ARM GAS  C:\Users\Admin\AppData\Local\Temp\cc3Y5Imu.s 			page 5


 129:Core/Src/stm32f4xx_it.c ****   while (1)
 105              		.loc 1 129 3 discriminator 1 view .LVU13
 130:Core/Src/stm32f4xx_it.c ****   {
 131:Core/Src/stm32f4xx_it.c ****     /* USER CODE BEGIN W1_BusFault_IRQn 0 */
 132:Core/Src/stm32f4xx_it.c ****     /* USER CODE END W1_BusFault_IRQn 0 */
 133:Core/Src/stm32f4xx_it.c ****   }
 106              		.loc 1 133 3 discriminator 1 view .LVU14
 129:Core/Src/stm32f4xx_it.c ****   {
 107              		.loc 1 129 9 discriminator 1 view .LVU15
 108 0000 FEE7     		b	.L8
 109              		.cfi_endproc
 110              	.LFE137:
 112              		.section	.text.UsageFault_Handler,"ax",%progbits
 113              		.align	1
 114              		.global	UsageFault_Handler
 115              		.syntax unified
 116              		.thumb
 117              		.thumb_func
 119              	UsageFault_Handler:
 120              	.LFB138:
 134:Core/Src/stm32f4xx_it.c **** }
 135:Core/Src/stm32f4xx_it.c **** 
 136:Core/Src/stm32f4xx_it.c **** /**
 137:Core/Src/stm32f4xx_it.c ****   * @brief This function handles Undefined instruction or illegal state.
 138:Core/Src/stm32f4xx_it.c ****   */
 139:Core/Src/stm32f4xx_it.c **** void UsageFault_Handler(void)
 140:Core/Src/stm32f4xx_it.c **** {
 121              		.loc 1 140 1 view -0
 122              		.cfi_startproc
 123              		@ Volatile: function does not return.
 124              		@ args = 0, pretend = 0, frame = 0
 125              		@ frame_needed = 0, uses_anonymous_args = 0
 126              		@ link register save eliminated.
 127              	.L10:
 141:Core/Src/stm32f4xx_it.c ****   /* USER CODE BEGIN UsageFault_IRQn 0 */
 142:Core/Src/stm32f4xx_it.c **** 
 143:Core/Src/stm32f4xx_it.c ****   /* USER CODE END UsageFault_IRQn 0 */
 144:Core/Src/stm32f4xx_it.c ****   while (1)
 128              		.loc 1 144 3 discriminator 1 view .LVU17
 145:Core/Src/stm32f4xx_it.c ****   {
 146:Core/Src/stm32f4xx_it.c ****     /* USER CODE BEGIN W1_UsageFault_IRQn 0 */
 147:Core/Src/stm32f4xx_it.c ****     /* USER CODE END W1_UsageFault_IRQn 0 */
 148:Core/Src/stm32f4xx_it.c ****   }
 129              		.loc 1 148 3 discriminator 1 view .LVU18
 144:Core/Src/stm32f4xx_it.c ****   {
 130              		.loc 1 144 9 discriminator 1 view .LVU19
 131 0000 FEE7     		b	.L10
 132              		.cfi_endproc
 133              	.LFE138:
 135              		.section	.text.DebugMon_Handler,"ax",%progbits
 136              		.align	1
 137              		.global	DebugMon_Handler
 138              		.syntax unified
 139              		.thumb
 140              		.thumb_func
 142              	DebugMon_Handler:
 143              	.LFB139:
ARM GAS  C:\Users\Admin\AppData\Local\Temp\cc3Y5Imu.s 			page 6


 149:Core/Src/stm32f4xx_it.c **** }
 150:Core/Src/stm32f4xx_it.c **** 
 151:Core/Src/stm32f4xx_it.c **** /**
 152:Core/Src/stm32f4xx_it.c ****   * @brief This function handles Debug monitor.
 153:Core/Src/stm32f4xx_it.c ****   */
 154:Core/Src/stm32f4xx_it.c **** void DebugMon_Handler(void)
 155:Core/Src/stm32f4xx_it.c **** {
 144              		.loc 1 155 1 view -0
 145              		.cfi_startproc
 146              		@ args = 0, pretend = 0, frame = 0
 147              		@ frame_needed = 0, uses_anonymous_args = 0
 148              		@ link register save eliminated.
 156:Core/Src/stm32f4xx_it.c ****   /* USER CODE BEGIN DebugMonitor_IRQn 0 */
 157:Core/Src/stm32f4xx_it.c **** 
 158:Core/Src/stm32f4xx_it.c ****   /* USER CODE END DebugMonitor_IRQn 0 */
 159:Core/Src/stm32f4xx_it.c ****   /* USER CODE BEGIN DebugMonitor_IRQn 1 */
 160:Core/Src/stm32f4xx_it.c **** 
 161:Core/Src/stm32f4xx_it.c ****   /* USER CODE END DebugMonitor_IRQn 1 */
 162:Core/Src/stm32f4xx_it.c **** }
 149              		.loc 1 162 1 view .LVU21
 150 0000 7047     		bx	lr
 151              		.cfi_endproc
 152              	.LFE139:
 154              		.section	.text.DMA1_Stream5_IRQHandler,"ax",%progbits
 155              		.align	1
 156              		.global	DMA1_Stream5_IRQHandler
 157              		.syntax unified
 158              		.thumb
 159              		.thumb_func
 161              	DMA1_Stream5_IRQHandler:
 162              	.LFB140:
 163:Core/Src/stm32f4xx_it.c **** 
 164:Core/Src/stm32f4xx_it.c **** /******************************************************************************/
 165:Core/Src/stm32f4xx_it.c **** /* STM32F4xx Peripheral Interrupt Handlers                                    */
 166:Core/Src/stm32f4xx_it.c **** /* Add here the Interrupt Handlers for the used peripherals.                  */
 167:Core/Src/stm32f4xx_it.c **** /* For the available peripheral interrupt handler names,                      */
 168:Core/Src/stm32f4xx_it.c **** /* please refer to the startup file (startup_stm32f4xx.s).                    */
 169:Core/Src/stm32f4xx_it.c **** /******************************************************************************/
 170:Core/Src/stm32f4xx_it.c **** 
 171:Core/Src/stm32f4xx_it.c **** /**
 172:Core/Src/stm32f4xx_it.c ****   * @brief This function handles DMA1 stream5 global interrupt.
 173:Core/Src/stm32f4xx_it.c ****   */
 174:Core/Src/stm32f4xx_it.c **** void DMA1_Stream5_IRQHandler(void)
 175:Core/Src/stm32f4xx_it.c **** {
 163              		.loc 1 175 1 view -0
 164              		.cfi_startproc
 165              		@ args = 0, pretend = 0, frame = 0
 166              		@ frame_needed = 0, uses_anonymous_args = 0
 167 0000 08B5     		push	{r3, lr}
 168              	.LCFI0:
 169              		.cfi_def_cfa_offset 8
 170              		.cfi_offset 3, -8
 171              		.cfi_offset 14, -4
 176:Core/Src/stm32f4xx_it.c ****   /* USER CODE BEGIN DMA1_Stream5_IRQn 0 */
 177:Core/Src/stm32f4xx_it.c **** 
 178:Core/Src/stm32f4xx_it.c ****   /* USER CODE END DMA1_Stream5_IRQn 0 */
 179:Core/Src/stm32f4xx_it.c ****   HAL_DMA_IRQHandler(&hdma_usart2_rx);
ARM GAS  C:\Users\Admin\AppData\Local\Temp\cc3Y5Imu.s 			page 7


 172              		.loc 1 179 3 view .LVU23
 173 0002 0248     		ldr	r0, .L14
 174 0004 FFF7FEFF 		bl	HAL_DMA_IRQHandler
 175              	.LVL0:
 180:Core/Src/stm32f4xx_it.c ****   /* USER CODE BEGIN DMA1_Stream5_IRQn 1 */
 181:Core/Src/stm32f4xx_it.c **** 
 182:Core/Src/stm32f4xx_it.c ****   /* USER CODE END DMA1_Stream5_IRQn 1 */
 183:Core/Src/stm32f4xx_it.c **** }
 176              		.loc 1 183 1 is_stmt 0 view .LVU24
 177 0008 08BD     		pop	{r3, pc}
 178              	.L15:
 179 000a 00BF     		.align	2
 180              	.L14:
 181 000c 00000000 		.word	hdma_usart2_rx
 182              		.cfi_endproc
 183              	.LFE140:
 185              		.section	.text.DMA1_Stream6_IRQHandler,"ax",%progbits
 186              		.align	1
 187              		.global	DMA1_Stream6_IRQHandler
 188              		.syntax unified
 189              		.thumb
 190              		.thumb_func
 192              	DMA1_Stream6_IRQHandler:
 193              	.LFB141:
 184:Core/Src/stm32f4xx_it.c **** 
 185:Core/Src/stm32f4xx_it.c **** /**
 186:Core/Src/stm32f4xx_it.c ****   * @brief This function handles DMA1 stream6 global interrupt.
 187:Core/Src/stm32f4xx_it.c ****   */
 188:Core/Src/stm32f4xx_it.c **** void DMA1_Stream6_IRQHandler(void)
 189:Core/Src/stm32f4xx_it.c **** {
 194              		.loc 1 189 1 is_stmt 1 view -0
 195              		.cfi_startproc
 196              		@ args = 0, pretend = 0, frame = 0
 197              		@ frame_needed = 0, uses_anonymous_args = 0
 198 0000 08B5     		push	{r3, lr}
 199              	.LCFI1:
 200              		.cfi_def_cfa_offset 8
 201              		.cfi_offset 3, -8
 202              		.cfi_offset 14, -4
 190:Core/Src/stm32f4xx_it.c ****   /* USER CODE BEGIN DMA1_Stream6_IRQn 0 */
 191:Core/Src/stm32f4xx_it.c **** 
 192:Core/Src/stm32f4xx_it.c ****   /* USER CODE END DMA1_Stream6_IRQn 0 */
 193:Core/Src/stm32f4xx_it.c ****   HAL_DMA_IRQHandler(&hdma_usart2_tx);
 203              		.loc 1 193 3 view .LVU26
 204 0002 0248     		ldr	r0, .L18
 205 0004 FFF7FEFF 		bl	HAL_DMA_IRQHandler
 206              	.LVL1:
 194:Core/Src/stm32f4xx_it.c ****   /* USER CODE BEGIN DMA1_Stream6_IRQn 1 */
 195:Core/Src/stm32f4xx_it.c **** 
 196:Core/Src/stm32f4xx_it.c ****   /* USER CODE END DMA1_Stream6_IRQn 1 */
 197:Core/Src/stm32f4xx_it.c **** }
 207              		.loc 1 197 1 is_stmt 0 view .LVU27
 208 0008 08BD     		pop	{r3, pc}
 209              	.L19:
 210 000a 00BF     		.align	2
 211              	.L18:
 212 000c 00000000 		.word	hdma_usart2_tx
ARM GAS  C:\Users\Admin\AppData\Local\Temp\cc3Y5Imu.s 			page 8


 213              		.cfi_endproc
 214              	.LFE141:
 216              		.section	.text.TIM2_IRQHandler,"ax",%progbits
 217              		.align	1
 218              		.global	TIM2_IRQHandler
 219              		.syntax unified
 220              		.thumb
 221              		.thumb_func
 223              	TIM2_IRQHandler:
 224              	.LFB142:
 198:Core/Src/stm32f4xx_it.c **** 
 199:Core/Src/stm32f4xx_it.c **** /**
 200:Core/Src/stm32f4xx_it.c ****   * @brief This function handles TIM2 global interrupt.
 201:Core/Src/stm32f4xx_it.c ****   */
 202:Core/Src/stm32f4xx_it.c **** void TIM2_IRQHandler(void)
 203:Core/Src/stm32f4xx_it.c **** {
 225              		.loc 1 203 1 is_stmt 1 view -0
 226              		.cfi_startproc
 227              		@ args = 0, pretend = 0, frame = 0
 228              		@ frame_needed = 0, uses_anonymous_args = 0
 229 0000 08B5     		push	{r3, lr}
 230              	.LCFI2:
 231              		.cfi_def_cfa_offset 8
 232              		.cfi_offset 3, -8
 233              		.cfi_offset 14, -4
 204:Core/Src/stm32f4xx_it.c ****   /* USER CODE BEGIN TIM2_IRQn 0 */
 205:Core/Src/stm32f4xx_it.c **** 
 206:Core/Src/stm32f4xx_it.c ****   /* USER CODE END TIM2_IRQn 0 */
 207:Core/Src/stm32f4xx_it.c ****   HAL_TIM_IRQHandler(&htim2);
 234              		.loc 1 207 3 view .LVU29
 235 0002 0248     		ldr	r0, .L22
 236 0004 FFF7FEFF 		bl	HAL_TIM_IRQHandler
 237              	.LVL2:
 208:Core/Src/stm32f4xx_it.c ****   /* USER CODE BEGIN TIM2_IRQn 1 */
 209:Core/Src/stm32f4xx_it.c **** 
 210:Core/Src/stm32f4xx_it.c ****   /* USER CODE END TIM2_IRQn 1 */
 211:Core/Src/stm32f4xx_it.c **** }
 238              		.loc 1 211 1 is_stmt 0 view .LVU30
 239 0008 08BD     		pop	{r3, pc}
 240              	.L23:
 241 000a 00BF     		.align	2
 242              	.L22:
 243 000c 00000000 		.word	htim2
 244              		.cfi_endproc
 245              	.LFE142:
 247              		.section	.text.USART2_IRQHandler,"ax",%progbits
 248              		.align	1
 249              		.global	USART2_IRQHandler
 250              		.syntax unified
 251              		.thumb
 252              		.thumb_func
 254              	USART2_IRQHandler:
 255              	.LFB143:
 212:Core/Src/stm32f4xx_it.c **** 
 213:Core/Src/stm32f4xx_it.c **** /**
 214:Core/Src/stm32f4xx_it.c ****   * @brief This function handles USART2 global interrupt.
 215:Core/Src/stm32f4xx_it.c ****   */
ARM GAS  C:\Users\Admin\AppData\Local\Temp\cc3Y5Imu.s 			page 9


 216:Core/Src/stm32f4xx_it.c **** void USART2_IRQHandler(void)
 217:Core/Src/stm32f4xx_it.c **** {
 256              		.loc 1 217 1 is_stmt 1 view -0
 257              		.cfi_startproc
 258              		@ args = 0, pretend = 0, frame = 0
 259              		@ frame_needed = 0, uses_anonymous_args = 0
 260 0000 08B5     		push	{r3, lr}
 261              	.LCFI3:
 262              		.cfi_def_cfa_offset 8
 263              		.cfi_offset 3, -8
 264              		.cfi_offset 14, -4
 218:Core/Src/stm32f4xx_it.c ****   /* USER CODE BEGIN USART2_IRQn 0 */
 219:Core/Src/stm32f4xx_it.c **** 
 220:Core/Src/stm32f4xx_it.c ****   /* USER CODE END USART2_IRQn 0 */
 221:Core/Src/stm32f4xx_it.c ****   HAL_UART_IRQHandler(&huart2);
 265              		.loc 1 221 3 view .LVU32
 266 0002 0248     		ldr	r0, .L26
 267 0004 FFF7FEFF 		bl	HAL_UART_IRQHandler
 268              	.LVL3:
 222:Core/Src/stm32f4xx_it.c ****   /* USER CODE BEGIN USART2_IRQn 1 */
 223:Core/Src/stm32f4xx_it.c **** 
 224:Core/Src/stm32f4xx_it.c ****   /* USER CODE END USART2_IRQn 1 */
 225:Core/Src/stm32f4xx_it.c **** }
 269              		.loc 1 225 1 is_stmt 0 view .LVU33
 270 0008 08BD     		pop	{r3, pc}
 271              	.L27:
 272 000a 00BF     		.align	2
 273              	.L26:
 274 000c 00000000 		.word	huart2
 275              		.cfi_endproc
 276              	.LFE143:
 278              		.section	.text.TIM8_TRG_COM_TIM14_IRQHandler,"ax",%progbits
 279              		.align	1
 280              		.global	TIM8_TRG_COM_TIM14_IRQHandler
 281              		.syntax unified
 282              		.thumb
 283              		.thumb_func
 285              	TIM8_TRG_COM_TIM14_IRQHandler:
 286              	.LFB144:
 226:Core/Src/stm32f4xx_it.c **** 
 227:Core/Src/stm32f4xx_it.c **** /**
 228:Core/Src/stm32f4xx_it.c ****   * @brief This function handles TIM8 trigger and commutation interrupts and TIM14 global interrupt
 229:Core/Src/stm32f4xx_it.c ****   */
 230:Core/Src/stm32f4xx_it.c **** void TIM8_TRG_COM_TIM14_IRQHandler(void)
 231:Core/Src/stm32f4xx_it.c **** {
 287              		.loc 1 231 1 is_stmt 1 view -0
 288              		.cfi_startproc
 289              		@ args = 0, pretend = 0, frame = 0
 290              		@ frame_needed = 0, uses_anonymous_args = 0
 291 0000 08B5     		push	{r3, lr}
 292              	.LCFI4:
 293              		.cfi_def_cfa_offset 8
 294              		.cfi_offset 3, -8
 295              		.cfi_offset 14, -4
 232:Core/Src/stm32f4xx_it.c ****   /* USER CODE BEGIN TIM8_TRG_COM_TIM14_IRQn 0 */
 233:Core/Src/stm32f4xx_it.c **** 
 234:Core/Src/stm32f4xx_it.c ****   /* USER CODE END TIM8_TRG_COM_TIM14_IRQn 0 */
ARM GAS  C:\Users\Admin\AppData\Local\Temp\cc3Y5Imu.s 			page 10


 235:Core/Src/stm32f4xx_it.c ****   HAL_TIM_IRQHandler(&htim14);
 296              		.loc 1 235 3 view .LVU35
 297 0002 0448     		ldr	r0, .L30
 298 0004 FFF7FEFF 		bl	HAL_TIM_IRQHandler
 299              	.LVL4:
 236:Core/Src/stm32f4xx_it.c ****   /* USER CODE BEGIN TIM8_TRG_COM_TIM14_IRQn 1 */
 237:Core/Src/stm32f4xx_it.c ****   ulHighFrequencyTimerTicks++;
 300              		.loc 1 237 3 view .LVU36
 301              		.loc 1 237 28 is_stmt 0 view .LVU37
 302 0008 034A     		ldr	r2, .L30+4
 303 000a 1368     		ldr	r3, [r2]
 304 000c 0133     		adds	r3, r3, #1
 305 000e 1360     		str	r3, [r2]
 238:Core/Src/stm32f4xx_it.c **** 
 239:Core/Src/stm32f4xx_it.c ****   /* USER CODE END TIM8_TRG_COM_TIM14_IRQn 1 */
 240:Core/Src/stm32f4xx_it.c **** }
 306              		.loc 1 240 1 view .LVU38
 307 0010 08BD     		pop	{r3, pc}
 308              	.L31:
 309 0012 00BF     		.align	2
 310              	.L30:
 311 0014 00000000 		.word	htim14
 312 0018 00000000 		.word	ulHighFrequencyTimerTicks
 313              		.cfi_endproc
 314              	.LFE144:
 316              		.section	.text.TIM7_IRQHandler,"ax",%progbits
 317              		.align	1
 318              		.global	TIM7_IRQHandler
 319              		.syntax unified
 320              		.thumb
 321              		.thumb_func
 323              	TIM7_IRQHandler:
 324              	.LFB145:
 241:Core/Src/stm32f4xx_it.c **** 
 242:Core/Src/stm32f4xx_it.c **** /**
 243:Core/Src/stm32f4xx_it.c ****   * @brief This function handles TIM7 global interrupt.
 244:Core/Src/stm32f4xx_it.c ****   */
 245:Core/Src/stm32f4xx_it.c **** void TIM7_IRQHandler(void)
 246:Core/Src/stm32f4xx_it.c **** {
 325              		.loc 1 246 1 is_stmt 1 view -0
 326              		.cfi_startproc
 327              		@ args = 0, pretend = 0, frame = 0
 328              		@ frame_needed = 0, uses_anonymous_args = 0
 329 0000 08B5     		push	{r3, lr}
 330              	.LCFI5:
 331              		.cfi_def_cfa_offset 8
 332              		.cfi_offset 3, -8
 333              		.cfi_offset 14, -4
 247:Core/Src/stm32f4xx_it.c ****   /* USER CODE BEGIN TIM7_IRQn 0 */
 248:Core/Src/stm32f4xx_it.c **** 
 249:Core/Src/stm32f4xx_it.c ****   /* USER CODE END TIM7_IRQn 0 */
 250:Core/Src/stm32f4xx_it.c ****   HAL_TIM_IRQHandler(&htim7);
 334              		.loc 1 250 3 view .LVU40
 335 0002 0248     		ldr	r0, .L34
 336 0004 FFF7FEFF 		bl	HAL_TIM_IRQHandler
 337              	.LVL5:
 251:Core/Src/stm32f4xx_it.c ****   /* USER CODE BEGIN TIM7_IRQn 1 */
ARM GAS  C:\Users\Admin\AppData\Local\Temp\cc3Y5Imu.s 			page 11


 252:Core/Src/stm32f4xx_it.c **** 
 253:Core/Src/stm32f4xx_it.c ****   /* USER CODE END TIM7_IRQn 1 */
 254:Core/Src/stm32f4xx_it.c **** }
 338              		.loc 1 254 1 is_stmt 0 view .LVU41
 339 0008 08BD     		pop	{r3, pc}
 340              	.L35:
 341 000a 00BF     		.align	2
 342              	.L34:
 343 000c 00000000 		.word	htim7
 344              		.cfi_endproc
 345              	.LFE145:
 347              		.text
 348              	.Letext0:
 349              		.file 2 "C:\\ST\\STM32CubeIDE_1.16.0\\STM32CubeIDE\\plugins\\com.st.stm32cube.ide.mcu.externaltool
 350              		.file 3 "C:\\ST\\STM32CubeIDE_1.16.0\\STM32CubeIDE\\plugins\\com.st.stm32cube.ide.mcu.externaltool
 351              		.file 4 "Drivers/CMSIS/Device/ST/STM32F4xx/Include/stm32f446xx.h"
 352              		.file 5 "Drivers/STM32F4xx_HAL_Driver/Inc/stm32f4xx_hal_def.h"
 353              		.file 6 "Drivers/STM32F4xx_HAL_Driver/Inc/stm32f4xx_hal_dma.h"
 354              		.file 7 "Drivers/STM32F4xx_HAL_Driver/Inc/stm32f4xx_hal_tim.h"
 355              		.file 8 "Drivers/STM32F4xx_HAL_Driver/Inc/stm32f4xx_hal_uart.h"
ARM GAS  C:\Users\Admin\AppData\Local\Temp\cc3Y5Imu.s 			page 12


DEFINED SYMBOLS
                            *ABS*:00000000 stm32f4xx_it.c
C:\Users\Admin\AppData\Local\Temp\cc3Y5Imu.s:21     .text.NMI_Handler:00000000 $t
C:\Users\Admin\AppData\Local\Temp\cc3Y5Imu.s:27     .text.NMI_Handler:00000000 NMI_Handler
C:\Users\Admin\AppData\Local\Temp\cc3Y5Imu.s:44     .text.HardFault_Handler:00000000 $t
C:\Users\Admin\AppData\Local\Temp\cc3Y5Imu.s:50     .text.HardFault_Handler:00000000 HardFault_Handler
C:\Users\Admin\AppData\Local\Temp\cc3Y5Imu.s:67     .text.MemManage_Handler:00000000 $t
C:\Users\Admin\AppData\Local\Temp\cc3Y5Imu.s:73     .text.MemManage_Handler:00000000 MemManage_Handler
C:\Users\Admin\AppData\Local\Temp\cc3Y5Imu.s:90     .text.BusFault_Handler:00000000 $t
C:\Users\Admin\AppData\Local\Temp\cc3Y5Imu.s:96     .text.BusFault_Handler:00000000 BusFault_Handler
C:\Users\Admin\AppData\Local\Temp\cc3Y5Imu.s:113    .text.UsageFault_Handler:00000000 $t
C:\Users\Admin\AppData\Local\Temp\cc3Y5Imu.s:119    .text.UsageFault_Handler:00000000 UsageFault_Handler
C:\Users\Admin\AppData\Local\Temp\cc3Y5Imu.s:136    .text.DebugMon_Handler:00000000 $t
C:\Users\Admin\AppData\Local\Temp\cc3Y5Imu.s:142    .text.DebugMon_Handler:00000000 DebugMon_Handler
C:\Users\Admin\AppData\Local\Temp\cc3Y5Imu.s:155    .text.DMA1_Stream5_IRQHandler:00000000 $t
C:\Users\Admin\AppData\Local\Temp\cc3Y5Imu.s:161    .text.DMA1_Stream5_IRQHandler:00000000 DMA1_Stream5_IRQHandler
C:\Users\Admin\AppData\Local\Temp\cc3Y5Imu.s:181    .text.DMA1_Stream5_IRQHandler:0000000c $d
C:\Users\Admin\AppData\Local\Temp\cc3Y5Imu.s:186    .text.DMA1_Stream6_IRQHandler:00000000 $t
C:\Users\Admin\AppData\Local\Temp\cc3Y5Imu.s:192    .text.DMA1_Stream6_IRQHandler:00000000 DMA1_Stream6_IRQHandler
C:\Users\Admin\AppData\Local\Temp\cc3Y5Imu.s:212    .text.DMA1_Stream6_IRQHandler:0000000c $d
C:\Users\Admin\AppData\Local\Temp\cc3Y5Imu.s:217    .text.TIM2_IRQHandler:00000000 $t
C:\Users\Admin\AppData\Local\Temp\cc3Y5Imu.s:223    .text.TIM2_IRQHandler:00000000 TIM2_IRQHandler
C:\Users\Admin\AppData\Local\Temp\cc3Y5Imu.s:243    .text.TIM2_IRQHandler:0000000c $d
C:\Users\Admin\AppData\Local\Temp\cc3Y5Imu.s:248    .text.USART2_IRQHandler:00000000 $t
C:\Users\Admin\AppData\Local\Temp\cc3Y5Imu.s:254    .text.USART2_IRQHandler:00000000 USART2_IRQHandler
C:\Users\Admin\AppData\Local\Temp\cc3Y5Imu.s:274    .text.USART2_IRQHandler:0000000c $d
C:\Users\Admin\AppData\Local\Temp\cc3Y5Imu.s:279    .text.TIM8_TRG_COM_TIM14_IRQHandler:00000000 $t
C:\Users\Admin\AppData\Local\Temp\cc3Y5Imu.s:285    .text.TIM8_TRG_COM_TIM14_IRQHandler:00000000 TIM8_TRG_COM_TIM14_IRQHandler
C:\Users\Admin\AppData\Local\Temp\cc3Y5Imu.s:311    .text.TIM8_TRG_COM_TIM14_IRQHandler:00000014 $d
C:\Users\Admin\AppData\Local\Temp\cc3Y5Imu.s:317    .text.TIM7_IRQHandler:00000000 $t
C:\Users\Admin\AppData\Local\Temp\cc3Y5Imu.s:323    .text.TIM7_IRQHandler:00000000 TIM7_IRQHandler
C:\Users\Admin\AppData\Local\Temp\cc3Y5Imu.s:343    .text.TIM7_IRQHandler:0000000c $d

UNDEFINED SYMBOLS
HAL_DMA_IRQHandler
hdma_usart2_rx
hdma_usart2_tx
HAL_TIM_IRQHandler
htim2
HAL_UART_IRQHandler
huart2
htim14
ulHighFrequencyTimerTicks
htim7
